{"timestamp": "2025-11-30T22:30:07.038113Z", "level": "ERROR", "logger": "data_agent", "message": "Data Agent execution failed: Missing required fields in dataset", "exception": "Traceback (most recent call last):\n  File \"D:\\project_8\\kasparro-agentic-fb-analyst-neelesh-gadi\\src\\agents\\data_agent.py\", line 79, in execute\n    df, data_quality_issues = self._load_and_validate_dataset(dataset_path)\n                              ~~~~~~~~~~~~~~~~~~~~~~~~~~~~~~~^^^^^^^^^^^^^^\n  File \"D:\\project_8\\kasparro-agentic-fb-analyst-neelesh-gadi\\src\\agents\\data_agent.py\", line 165, in _load_and_validate_dataset\n    raise ValidationError(\n    ...<2 lines>...\n    )\nsrc.schemas.validation.ValidationError: Missing required fields in dataset", "agent_name": "data_agent", "error_type": "ValidationError", "taskName": null}
{"timestamp": "2025-11-30T22:30:07.145530Z", "level": "ERROR", "logger": "data_agent", "message": "Data Agent execution failed: Missing required fields in dataset", "exception": "Traceback (most recent call last):\n  File \"D:\\project_8\\kasparro-agentic-fb-analyst-neelesh-gadi\\src\\agents\\data_agent.py\", line 79, in execute\n    df, data_quality_issues = self._load_and_validate_dataset(dataset_path)\n                              ~~~~~~~~~~~~~~~~~~~~~~~~~~~~~~~^^^^^^^^^^^^^^\n  File \"D:\\project_8\\kasparro-agentic-fb-analyst-neelesh-gadi\\src\\agents\\data_agent.py\", line 165, in _load_and_validate_dataset\n    raise ValidationError(\n    ...<2 lines>...\n    )\nsrc.schemas.validation.ValidationError: Missing required fields in dataset", "agent_name": "data_agent", "error_type": "ValidationError", "taskName": null}
{"timestamp": "2025-11-30T22:30:07.318962Z", "level": "ERROR", "logger": "data_agent", "message": "Data Agent execution failed: Missing required fields in dataset", "exception": "Traceback (most recent call last):\n  File \"D:\\project_8\\kasparro-agentic-fb-analyst-neelesh-gadi\\src\\agents\\data_agent.py\", line 79, in execute\n    df, data_quality_issues = self._load_and_validate_dataset(dataset_path)\n                              ~~~~~~~~~~~~~~~~~~~~~~~~~~~~~~~^^^^^^^^^^^^^^\n  File \"D:\\project_8\\kasparro-agentic-fb-analyst-neelesh-gadi\\src\\agents\\data_agent.py\", line 165, in _load_and_validate_dataset\n    raise ValidationError(\n    ...<2 lines>...\n    )\nsrc.schemas.validation.ValidationError: Missing required fields in dataset", "agent_name": "data_agent", "error_type": "ValidationError", "taskName": null}
{"timestamp": "2025-11-30T22:30:07.480812Z", "level": "ERROR", "logger": "data_agent", "message": "Data Agent execution failed: Missing required fields in dataset", "exception": "Traceback (most recent call last):\n  File \"D:\\project_8\\kasparro-agentic-fb-analyst-neelesh-gadi\\src\\agents\\data_agent.py\", line 79, in execute\n    df, data_quality_issues = self._load_and_validate_dataset(dataset_path)\n                              ~~~~~~~~~~~~~~~~~~~~~~~~~~~~~~~^^^^^^^^^^^^^^\n  File \"D:\\project_8\\kasparro-agentic-fb-analyst-neelesh-gadi\\src\\agents\\data_agent.py\", line 165, in _load_and_validate_dataset\n    raise ValidationError(\n    ...<2 lines>...\n    )\nsrc.schemas.validation.ValidationError: Missing required fields in dataset", "agent_name": "data_agent", "error_type": "ValidationError", "taskName": null}
{"timestamp": "2025-11-30T22:30:07.537820Z", "level": "ERROR", "logger": "data_agent", "message": "Data Agent execution failed: Missing required fields in dataset", "exception": "Traceback (most recent call last):\n  File \"D:\\project_8\\kasparro-agentic-fb-analyst-neelesh-gadi\\src\\agents\\data_agent.py\", line 79, in execute\n    df, data_quality_issues = self._load_and_validate_dataset(dataset_path)\n                              ~~~~~~~~~~~~~~~~~~~~~~~~~~~~~~~^^^^^^^^^^^^^^\n  File \"D:\\project_8\\kasparro-agentic-fb-analyst-neelesh-gadi\\src\\agents\\data_agent.py\", line 165, in _load_and_validate_dataset\n    raise ValidationError(\n    ...<2 lines>...\n    )\nsrc.schemas.validation.ValidationError: Missing required fields in dataset", "agent_name": "data_agent", "error_type": "ValidationError", "taskName": null}
{"timestamp": "2025-11-30T22:30:07.727026Z", "level": "ERROR", "logger": "data_agent", "message": "Data Agent execution failed: Missing required fields in dataset", "exception": "Traceback (most recent call last):\n  File \"D:\\project_8\\kasparro-agentic-fb-analyst-neelesh-gadi\\src\\agents\\data_agent.py\", line 79, in execute\n    df, data_quality_issues = self._load_and_validate_dataset(dataset_path)\n                              ~~~~~~~~~~~~~~~~~~~~~~~~~~~~~~~^^^^^^^^^^^^^^\n  File \"D:\\project_8\\kasparro-agentic-fb-analyst-neelesh-gadi\\src\\agents\\data_agent.py\", line 165, in _load_and_validate_dataset\n    raise ValidationError(\n    ...<2 lines>...\n    )\nsrc.schemas.validation.ValidationError: Missing required fields in dataset", "agent_name": "data_agent", "error_type": "ValidationError", "taskName": null}
{"timestamp": "2025-11-30T22:30:07.765020Z", "level": "ERROR", "logger": "data_agent", "message": "Data Agent execution failed: Missing required fields in dataset", "exception": "Traceback (most recent call last):\n  File \"D:\\project_8\\kasparro-agentic-fb-analyst-neelesh-gadi\\src\\agents\\data_agent.py\", line 79, in execute\n    df, data_quality_issues = self._load_and_validate_dataset(dataset_path)\n                              ~~~~~~~~~~~~~~~~~~~~~~~~~~~~~~~^^^^^^^^^^^^^^\n  File \"D:\\project_8\\kasparro-agentic-fb-analyst-neelesh-gadi\\src\\agents\\data_agent.py\", line 165, in _load_and_validate_dataset\n    raise ValidationError(\n    ...<2 lines>...\n    )\nsrc.schemas.validation.ValidationError: Missing required fields in dataset", "agent_name": "data_agent", "error_type": "ValidationError", "taskName": null}
{"timestamp": "2025-11-30T22:30:07.917328Z", "level": "ERROR", "logger": "data_agent", "message": "Data Agent execution failed: Missing required fields in dataset", "exception": "Traceback (most recent call last):\n  File \"D:\\project_8\\kasparro-agentic-fb-analyst-neelesh-gadi\\src\\agents\\data_agent.py\", line 79, in execute\n    df, data_quality_issues = self._load_and_validate_dataset(dataset_path)\n                              ~~~~~~~~~~~~~~~~~~~~~~~~~~~~~~~^^^^^^^^^^^^^^\n  File \"D:\\project_8\\kasparro-agentic-fb-analyst-neelesh-gadi\\src\\agents\\data_agent.py\", line 165, in _load_and_validate_dataset\n    raise ValidationError(\n    ...<2 lines>...\n    )\nsrc.schemas.validation.ValidationError: Missing required fields in dataset", "agent_name": "data_agent", "error_type": "ValidationError", "taskName": null}
