{"timestamp": "2025-11-30T22:19:51.108832Z", "level": "ERROR", "logger": "agent_orchestration", "message": "Agent execution failed", "exception": "Traceback (most recent call last):\n  File \"D:\\project_8\\kasparro-agentic-fb-analyst-neelesh-gadi\\src\\agents\\__init__.py\", line 120, in execute_with_retry\n    result = agent_func(input_data)\n  File \"D:\\project_8\\kasparro-agentic-fb-analyst-neelesh-gadi\\tests\\test_properties_orchestration.py\", line 38, in execute\n    raise RuntimeError(f\"Mock failure {self.execution_count}\")\nRuntimeError: Mock failure 1", "agent_name": "mock_agent", "error_type": "RuntimeError", "taskName": null, "attempt": 1, "max_attempts": 6, "error_message": "Mock failure 1"}
{"timestamp": "2025-11-30T22:19:51.127287Z", "level": "ERROR", "logger": "agent_orchestration", "message": "Agent execution failed", "exception": "Traceback (most recent call last):\n  File \"D:\\project_8\\kasparro-agentic-fb-analyst-neelesh-gadi\\src\\agents\\__init__.py\", line 120, in execute_with_retry\n    result = agent_func(input_data)\n  File \"D:\\project_8\\kasparro-agentic-fb-analyst-neelesh-gadi\\tests\\test_properties_orchestration.py\", line 38, in execute\n    raise RuntimeError(f\"Mock failure {self.execution_count}\")\nRuntimeError: Mock failure 2", "agent_name": "mock_agent", "error_type": "RuntimeError", "taskName": null, "attempt": 2, "max_attempts": 6, "error_message": "Mock failure 2"}
{"timestamp": "2025-11-30T22:19:51.150971Z", "level": "ERROR", "logger": "agent_orchestration", "message": "Agent execution failed", "exception": "Traceback (most recent call last):\n  File \"D:\\project_8\\kasparro-agentic-fb-analyst-neelesh-gadi\\src\\agents\\__init__.py\", line 120, in execute_with_retry\n    result = agent_func(input_data)\n  File \"D:\\project_8\\kasparro-agentic-fb-analyst-neelesh-gadi\\tests\\test_properties_orchestration.py\", line 38, in execute\n    raise RuntimeError(f\"Mock failure {self.execution_count}\")\nRuntimeError: Mock failure 3", "agent_name": "mock_agent", "error_type": "RuntimeError", "taskName": null, "attempt": 3, "max_attempts": 6, "error_message": "Mock failure 3"}
{"timestamp": "2025-11-30T22:19:51.188502Z", "level": "ERROR", "logger": "agent_orchestration", "message": "Agent execution failed", "exception": "Traceback (most recent call last):\n  File \"D:\\project_8\\kasparro-agentic-fb-analyst-neelesh-gadi\\src\\agents\\__init__.py\", line 120, in execute_with_retry\n    result = agent_func(input_data)\n  File \"D:\\project_8\\kasparro-agentic-fb-analyst-neelesh-gadi\\tests\\test_properties_orchestration.py\", line 38, in execute\n    raise RuntimeError(f\"Mock failure {self.execution_count}\")\nRuntimeError: Mock failure 4", "agent_name": "mock_agent", "error_type": "RuntimeError", "taskName": null, "attempt": 4, "max_attempts": 6, "error_message": "Mock failure 4"}
{"timestamp": "2025-11-30T22:19:51.251006Z", "level": "ERROR", "logger": "agent_orchestration", "message": "Agent execution failed", "exception": "Traceback (most recent call last):\n  File \"D:\\project_8\\kasparro-agentic-fb-analyst-neelesh-gadi\\src\\agents\\__init__.py\", line 120, in execute_with_retry\n    result = agent_func(input_data)\n  File \"D:\\project_8\\kasparro-agentic-fb-analyst-neelesh-gadi\\tests\\test_properties_orchestration.py\", line 38, in execute\n    raise RuntimeError(f\"Mock failure {self.execution_count}\")\nRuntimeError: Mock failure 5", "agent_name": "mock_agent", "error_type": "RuntimeError", "taskName": null, "attempt": 5, "max_attempts": 6, "error_message": "Mock failure 5"}
{"timestamp": "2025-11-30T22:19:51.361830Z", "level": "ERROR", "logger": "agent_orchestration", "message": "Agent execution failed", "exception": "Traceback (most recent call last):\n  File \"D:\\project_8\\kasparro-agentic-fb-analyst-neelesh-gadi\\src\\agents\\__init__.py\", line 120, in execute_with_retry\n    result = agent_func(input_data)\n  File \"D:\\project_8\\kasparro-agentic-fb-analyst-neelesh-gadi\\tests\\test_properties_orchestration.py\", line 38, in execute\n    raise RuntimeError(f\"Mock failure {self.execution_count}\")\nRuntimeError: Mock failure 6", "agent_name": "mock_agent", "error_type": "RuntimeError", "taskName": null, "attempt": 6, "max_attempts": 6, "error_message": "Mock failure 6"}
{"timestamp": "2025-11-30T22:19:51.370311Z", "level": "ERROR", "logger": "agent_orchestration", "message": "Agent execution failed after all retries", "agent_name": "mock_agent", "taskName": null, "total_attempts": 6, "final_error": "Mock failure 6"}
{"timestamp": "2025-11-30T22:19:51.410259Z", "level": "ERROR", "logger": "agent_orchestration", "message": "Agent execution failed", "exception": "Traceback (most recent call last):\n  File \"D:\\project_8\\kasparro-agentic-fb-analyst-neelesh-gadi\\src\\agents\\__init__.py\", line 120, in execute_with_retry\n    result = agent_func(input_data)\n  File \"D:\\project_8\\kasparro-agentic-fb-analyst-neelesh-gadi\\tests\\test_properties_orchestration.py\", line 38, in execute\n    raise RuntimeError(f\"Mock failure {self.execution_count}\")\nRuntimeError: Mock failure 1", "agent_name": "mock_agent", "error_type": "RuntimeError", "taskName": null, "attempt": 1, "max_attempts": 1, "error_message": "Mock failure 1"}
{"timestamp": "2025-11-30T22:19:51.413177Z", "level": "ERROR", "logger": "agent_orchestration", "message": "Agent execution failed after all retries", "agent_name": "mock_agent", "taskName": null, "total_attempts": 1, "final_error": "Mock failure 1"}
{"timestamp": "2025-11-30T22:19:51.448543Z", "level": "ERROR", "logger": "agent_orchestration", "message": "Agent execution failed", "exception": "Traceback (most recent call last):\n  File \"D:\\project_8\\kasparro-agentic-fb-analyst-neelesh-gadi\\src\\agents\\__init__.py\", line 120, in execute_with_retry\n    result = agent_func(input_data)\n  File \"D:\\project_8\\kasparro-agentic-fb-analyst-neelesh-gadi\\tests\\test_properties_orchestration.py\", line 38, in execute\n    raise RuntimeError(f\"Mock failure {self.execution_count}\")\nRuntimeError: Mock failure 1", "agent_name": "mock_agent", "error_type": "RuntimeError", "taskName": null, "attempt": 1, "max_attempts": 4, "error_message": "Mock failure 1"}
{"timestamp": "2025-11-30T22:19:51.465795Z", "level": "ERROR", "logger": "agent_orchestration", "message": "Agent execution failed", "exception": "Traceback (most recent call last):\n  File \"D:\\project_8\\kasparro-agentic-fb-analyst-neelesh-gadi\\src\\agents\\__init__.py\", line 120, in execute_with_retry\n    result = agent_func(input_data)\n  File \"D:\\project_8\\kasparro-agentic-fb-analyst-neelesh-gadi\\tests\\test_properties_orchestration.py\", line 38, in execute\n    raise RuntimeError(f\"Mock failure {self.execution_count}\")\nRuntimeError: Mock failure 2", "agent_name": "mock_agent", "error_type": "RuntimeError", "taskName": null, "attempt": 2, "max_attempts": 4, "error_message": "Mock failure 2"}
{"timestamp": "2025-11-30T22:19:51.485864Z", "level": "ERROR", "logger": "agent_orchestration", "message": "Agent execution failed", "exception": "Traceback (most recent call last):\n  File \"D:\\project_8\\kasparro-agentic-fb-analyst-neelesh-gadi\\src\\agents\\__init__.py\", line 120, in execute_with_retry\n    result = agent_func(input_data)\n  File \"D:\\project_8\\kasparro-agentic-fb-analyst-neelesh-gadi\\tests\\test_properties_orchestration.py\", line 38, in execute\n    raise RuntimeError(f\"Mock failure {self.execution_count}\")\nRuntimeError: Mock failure 3", "agent_name": "mock_agent", "error_type": "RuntimeError", "taskName": null, "attempt": 3, "max_attempts": 4, "error_message": "Mock failure 3"}
{"timestamp": "2025-11-30T22:19:51.511934Z", "level": "ERROR", "logger": "agent_orchestration", "message": "Agent execution failed", "exception": "Traceback (most recent call last):\n  File \"D:\\project_8\\kasparro-agentic-fb-analyst-neelesh-gadi\\src\\agents\\__init__.py\", line 120, in execute_with_retry\n    result = agent_func(input_data)\n  File \"D:\\project_8\\kasparro-agentic-fb-analyst-neelesh-gadi\\tests\\test_properties_orchestration.py\", line 38, in execute\n    raise RuntimeError(f\"Mock failure {self.execution_count}\")\nRuntimeError: Mock failure 4", "agent_name": "mock_agent", "error_type": "RuntimeError", "taskName": null, "attempt": 4, "max_attempts": 4, "error_message": "Mock failure 4"}
{"timestamp": "2025-11-30T22:19:51.518033Z", "level": "ERROR", "logger": "agent_orchestration", "message": "Agent execution failed after all retries", "agent_name": "mock_agent", "taskName": null, "total_attempts": 4, "final_error": "Mock failure 4"}
{"timestamp": "2025-11-30T22:19:51.562309Z", "level": "ERROR", "logger": "agent_orchestration", "message": "Agent execution failed", "exception": "Traceback (most recent call last):\n  File \"D:\\project_8\\kasparro-agentic-fb-analyst-neelesh-gadi\\src\\agents\\__init__.py\", line 120, in execute_with_retry\n    result = agent_func(input_data)\n  File \"D:\\project_8\\kasparro-agentic-fb-analyst-neelesh-gadi\\tests\\test_properties_orchestration.py\", line 38, in execute\n    raise RuntimeError(f\"Mock failure {self.execution_count}\")\nRuntimeError: Mock failure 1", "agent_name": "mock_agent", "error_type": "RuntimeError", "taskName": null, "attempt": 1, "max_attempts": 6, "error_message": "Mock failure 1"}
{"timestamp": "2025-11-30T22:19:51.577846Z", "level": "ERROR", "logger": "agent_orchestration", "message": "Agent execution failed", "exception": "Traceback (most recent call last):\n  File \"D:\\project_8\\kasparro-agentic-fb-analyst-neelesh-gadi\\src\\agents\\__init__.py\", line 120, in execute_with_retry\n    result = agent_func(input_data)\n  File \"D:\\project_8\\kasparro-agentic-fb-analyst-neelesh-gadi\\tests\\test_properties_orchestration.py\", line 38, in execute\n    raise RuntimeError(f\"Mock failure {self.execution_count}\")\nRuntimeError: Mock failure 2", "agent_name": "mock_agent", "error_type": "RuntimeError", "taskName": null, "attempt": 2, "max_attempts": 6, "error_message": "Mock failure 2"}
{"timestamp": "2025-11-30T22:19:51.595572Z", "level": "ERROR", "logger": "agent_orchestration", "message": "Agent execution failed", "exception": "Traceback (most recent call last):\n  File \"D:\\project_8\\kasparro-agentic-fb-analyst-neelesh-gadi\\src\\agents\\__init__.py\", line 120, in execute_with_retry\n    result = agent_func(input_data)\n  File \"D:\\project_8\\kasparro-agentic-fb-analyst-neelesh-gadi\\tests\\test_properties_orchestration.py\", line 38, in execute\n    raise RuntimeError(f\"Mock failure {self.execution_count}\")\nRuntimeError: Mock failure 3", "agent_name": "mock_agent", "error_type": "RuntimeError", "taskName": null, "attempt": 3, "max_attempts": 6, "error_message": "Mock failure 3"}
{"timestamp": "2025-11-30T22:19:51.620056Z", "level": "ERROR", "logger": "agent_orchestration", "message": "Agent execution failed", "exception": "Traceback (most recent call last):\n  File \"D:\\project_8\\kasparro-agentic-fb-analyst-neelesh-gadi\\src\\agents\\__init__.py\", line 120, in execute_with_retry\n    result = agent_func(input_data)\n  File \"D:\\project_8\\kasparro-agentic-fb-analyst-neelesh-gadi\\tests\\test_properties_orchestration.py\", line 38, in execute\n    raise RuntimeError(f\"Mock failure {self.execution_count}\")\nRuntimeError: Mock failure 4", "agent_name": "mock_agent", "error_type": "RuntimeError", "taskName": null, "attempt": 4, "max_attempts": 6, "error_message": "Mock failure 4"}
{"timestamp": "2025-11-30T22:19:51.647426Z", "level": "ERROR", "logger": "agent_orchestration", "message": "Agent execution failed", "exception": "Traceback (most recent call last):\n  File \"D:\\project_8\\kasparro-agentic-fb-analyst-neelesh-gadi\\src\\agents\\__init__.py\", line 120, in execute_with_retry\n    result = agent_func(input_data)\n  File \"D:\\project_8\\kasparro-agentic-fb-analyst-neelesh-gadi\\tests\\test_properties_orchestration.py\", line 38, in execute\n    raise RuntimeError(f\"Mock failure {self.execution_count}\")\nRuntimeError: Mock failure 5", "agent_name": "mock_agent", "error_type": "RuntimeError", "taskName": null, "attempt": 5, "max_attempts": 6, "error_message": "Mock failure 5"}
{"timestamp": "2025-11-30T22:19:51.688502Z", "level": "ERROR", "logger": "agent_orchestration", "message": "Agent execution failed", "exception": "Traceback (most recent call last):\n  File \"D:\\project_8\\kasparro-agentic-fb-analyst-neelesh-gadi\\src\\agents\\__init__.py\", line 120, in execute_with_retry\n    result = agent_func(input_data)\n  File \"D:\\project_8\\kasparro-agentic-fb-analyst-neelesh-gadi\\tests\\test_properties_orchestration.py\", line 38, in execute\n    raise RuntimeError(f\"Mock failure {self.execution_count}\")\nRuntimeError: Mock failure 6", "agent_name": "mock_agent", "error_type": "RuntimeError", "taskName": null, "attempt": 6, "max_attempts": 6, "error_message": "Mock failure 6"}
{"timestamp": "2025-11-30T22:19:51.694126Z", "level": "ERROR", "logger": "agent_orchestration", "message": "Agent execution failed after all retries", "agent_name": "mock_agent", "taskName": null, "total_attempts": 6, "final_error": "Mock failure 6"}
{"timestamp": "2025-11-30T22:19:51.740007Z", "level": "ERROR", "logger": "agent_orchestration", "message": "Agent execution failed", "exception": "Traceback (most recent call last):\n  File \"D:\\project_8\\kasparro-agentic-fb-analyst-neelesh-gadi\\src\\agents\\__init__.py\", line 120, in execute_with_retry\n    result = agent_func(input_data)\n  File \"D:\\project_8\\kasparro-agentic-fb-analyst-neelesh-gadi\\tests\\test_properties_orchestration.py\", line 38, in execute\n    raise RuntimeError(f\"Mock failure {self.execution_count}\")\nRuntimeError: Mock failure 1", "agent_name": "mock_agent", "error_type": "RuntimeError", "taskName": null, "attempt": 1, "max_attempts": 2, "error_message": "Mock failure 1"}
{"timestamp": "2025-11-30T22:19:51.754950Z", "level": "ERROR", "logger": "agent_orchestration", "message": "Agent execution failed", "exception": "Traceback (most recent call last):\n  File \"D:\\project_8\\kasparro-agentic-fb-analyst-neelesh-gadi\\src\\agents\\__init__.py\", line 120, in execute_with_retry\n    result = agent_func(input_data)\n  File \"D:\\project_8\\kasparro-agentic-fb-analyst-neelesh-gadi\\tests\\test_properties_orchestration.py\", line 38, in execute\n    raise RuntimeError(f\"Mock failure {self.execution_count}\")\nRuntimeError: Mock failure 2", "agent_name": "mock_agent", "error_type": "RuntimeError", "taskName": null, "attempt": 2, "max_attempts": 2, "error_message": "Mock failure 2"}
{"timestamp": "2025-11-30T22:19:51.760295Z", "level": "ERROR", "logger": "agent_orchestration", "message": "Agent execution failed after all retries", "agent_name": "mock_agent", "taskName": null, "total_attempts": 2, "final_error": "Mock failure 2"}
{"timestamp": "2025-11-30T22:19:51.800262Z", "level": "ERROR", "logger": "agent_orchestration", "message": "Agent execution failed", "exception": "Traceback (most recent call last):\n  File \"D:\\project_8\\kasparro-agentic-fb-analyst-neelesh-gadi\\src\\agents\\__init__.py\", line 120, in execute_with_retry\n    result = agent_func(input_data)\n  File \"D:\\project_8\\kasparro-agentic-fb-analyst-neelesh-gadi\\tests\\test_properties_orchestration.py\", line 38, in execute\n    raise RuntimeError(f\"Mock failure {self.execution_count}\")\nRuntimeError: Mock failure 1", "agent_name": "mock_agent", "error_type": "RuntimeError", "taskName": null, "attempt": 1, "max_attempts": 6, "error_message": "Mock failure 1"}
{"timestamp": "2025-11-30T22:19:51.814413Z", "level": "ERROR", "logger": "agent_orchestration", "message": "Agent execution failed", "exception": "Traceback (most recent call last):\n  File \"D:\\project_8\\kasparro-agentic-fb-analyst-neelesh-gadi\\src\\agents\\__init__.py\", line 120, in execute_with_retry\n    result = agent_func(input_data)\n  File \"D:\\project_8\\kasparro-agentic-fb-analyst-neelesh-gadi\\tests\\test_properties_orchestration.py\", line 38, in execute\n    raise RuntimeError(f\"Mock failure {self.execution_count}\")\nRuntimeError: Mock failure 2", "agent_name": "mock_agent", "error_type": "RuntimeError", "taskName": null, "attempt": 2, "max_attempts": 6, "error_message": "Mock failure 2"}
{"timestamp": "2025-11-30T22:19:51.834717Z", "level": "ERROR", "logger": "agent_orchestration", "message": "Agent execution failed", "exception": "Traceback (most recent call last):\n  File \"D:\\project_8\\kasparro-agentic-fb-analyst-neelesh-gadi\\src\\agents\\__init__.py\", line 120, in execute_with_retry\n    result = agent_func(input_data)\n  File \"D:\\project_8\\kasparro-agentic-fb-analyst-neelesh-gadi\\tests\\test_properties_orchestration.py\", line 38, in execute\n    raise RuntimeError(f\"Mock failure {self.execution_count}\")\nRuntimeError: Mock failure 3", "agent_name": "mock_agent", "error_type": "RuntimeError", "taskName": null, "attempt": 3, "max_attempts": 6, "error_message": "Mock failure 3"}
{"timestamp": "2025-11-30T22:19:51.861132Z", "level": "ERROR", "logger": "agent_orchestration", "message": "Agent execution failed", "exception": "Traceback (most recent call last):\n  File \"D:\\project_8\\kasparro-agentic-fb-analyst-neelesh-gadi\\src\\agents\\__init__.py\", line 120, in execute_with_retry\n    result = agent_func(input_data)\n  File \"D:\\project_8\\kasparro-agentic-fb-analyst-neelesh-gadi\\tests\\test_properties_orchestration.py\", line 38, in execute\n    raise RuntimeError(f\"Mock failure {self.execution_count}\")\nRuntimeError: Mock failure 4", "agent_name": "mock_agent", "error_type": "RuntimeError", "taskName": null, "attempt": 4, "max_attempts": 6, "error_message": "Mock failure 4"}
{"timestamp": "2025-11-30T22:19:51.898140Z", "level": "ERROR", "logger": "agent_orchestration", "message": "Agent execution failed", "exception": "Traceback (most recent call last):\n  File \"D:\\project_8\\kasparro-agentic-fb-analyst-neelesh-gadi\\src\\agents\\__init__.py\", line 120, in execute_with_retry\n    result = agent_func(input_data)\n  File \"D:\\project_8\\kasparro-agentic-fb-analyst-neelesh-gadi\\tests\\test_properties_orchestration.py\", line 38, in execute\n    raise RuntimeError(f\"Mock failure {self.execution_count}\")\nRuntimeError: Mock failure 5", "agent_name": "mock_agent", "error_type": "RuntimeError", "taskName": null, "attempt": 5, "max_attempts": 6, "error_message": "Mock failure 5"}
{"timestamp": "2025-11-30T22:19:51.950269Z", "level": "ERROR", "logger": "agent_orchestration", "message": "Agent execution failed", "exception": "Traceback (most recent call last):\n  File \"D:\\project_8\\kasparro-agentic-fb-analyst-neelesh-gadi\\src\\agents\\__init__.py\", line 120, in execute_with_retry\n    result = agent_func(input_data)\n  File \"D:\\project_8\\kasparro-agentic-fb-analyst-neelesh-gadi\\tests\\test_properties_orchestration.py\", line 38, in execute\n    raise RuntimeError(f\"Mock failure {self.execution_count}\")\nRuntimeError: Mock failure 6", "agent_name": "mock_agent", "error_type": "RuntimeError", "taskName": null, "attempt": 6, "max_attempts": 6, "error_message": "Mock failure 6"}
{"timestamp": "2025-11-30T22:19:51.955967Z", "level": "ERROR", "logger": "agent_orchestration", "message": "Agent execution failed after all retries", "agent_name": "mock_agent", "taskName": null, "total_attempts": 6, "final_error": "Mock failure 6"}
{"timestamp": "2025-11-30T22:19:51.995609Z", "level": "ERROR", "logger": "agent_orchestration", "message": "Agent execution failed", "exception": "Traceback (most recent call last):\n  File \"D:\\project_8\\kasparro-agentic-fb-analyst-neelesh-gadi\\src\\agents\\__init__.py\", line 120, in execute_with_retry\n    result = agent_func(input_data)\n  File \"D:\\project_8\\kasparro-agentic-fb-analyst-neelesh-gadi\\tests\\test_properties_orchestration.py\", line 38, in execute\n    raise RuntimeError(f\"Mock failure {self.execution_count}\")\nRuntimeError: Mock failure 1", "agent_name": "mock_agent", "error_type": "RuntimeError", "taskName": null, "attempt": 1, "max_attempts": 4, "error_message": "Mock failure 1"}
{"timestamp": "2025-11-30T22:19:52.014298Z", "level": "ERROR", "logger": "agent_orchestration", "message": "Agent execution failed", "exception": "Traceback (most recent call last):\n  File \"D:\\project_8\\kasparro-agentic-fb-analyst-neelesh-gadi\\src\\agents\\__init__.py\", line 120, in execute_with_retry\n    result = agent_func(input_data)\n  File \"D:\\project_8\\kasparro-agentic-fb-analyst-neelesh-gadi\\tests\\test_properties_orchestration.py\", line 38, in execute\n    raise RuntimeError(f\"Mock failure {self.execution_count}\")\nRuntimeError: Mock failure 2", "agent_name": "mock_agent", "error_type": "RuntimeError", "taskName": null, "attempt": 2, "max_attempts": 4, "error_message": "Mock failure 2"}
{"timestamp": "2025-11-30T22:19:52.041401Z", "level": "ERROR", "logger": "agent_orchestration", "message": "Agent execution failed", "exception": "Traceback (most recent call last):\n  File \"D:\\project_8\\kasparro-agentic-fb-analyst-neelesh-gadi\\src\\agents\\__init__.py\", line 120, in execute_with_retry\n    result = agent_func(input_data)\n  File \"D:\\project_8\\kasparro-agentic-fb-analyst-neelesh-gadi\\tests\\test_properties_orchestration.py\", line 38, in execute\n    raise RuntimeError(f\"Mock failure {self.execution_count}\")\nRuntimeError: Mock failure 3", "agent_name": "mock_agent", "error_type": "RuntimeError", "taskName": null, "attempt": 3, "max_attempts": 4, "error_message": "Mock failure 3"}
{"timestamp": "2025-11-30T22:19:52.079766Z", "level": "ERROR", "logger": "agent_orchestration", "message": "Agent execution failed", "exception": "Traceback (most recent call last):\n  File \"D:\\project_8\\kasparro-agentic-fb-analyst-neelesh-gadi\\src\\agents\\__init__.py\", line 120, in execute_with_retry\n    result = agent_func(input_data)\n  File \"D:\\project_8\\kasparro-agentic-fb-analyst-neelesh-gadi\\tests\\test_properties_orchestration.py\", line 38, in execute\n    raise RuntimeError(f\"Mock failure {self.execution_count}\")\nRuntimeError: Mock failure 4", "agent_name": "mock_agent", "error_type": "RuntimeError", "taskName": null, "attempt": 4, "max_attempts": 4, "error_message": "Mock failure 4"}
{"timestamp": "2025-11-30T22:19:52.084956Z", "level": "ERROR", "logger": "agent_orchestration", "message": "Agent execution failed after all retries", "agent_name": "mock_agent", "taskName": null, "total_attempts": 4, "final_error": "Mock failure 4"}
