{"timestamp": "2025-11-30T15:53:54.037009Z", "level": "ERROR", "logger": "data_agent", "message": "Data Agent execution failed: Missing required fields in dataset", "exception": "Traceback (most recent call last):\n  File \"D:\\project_8\\kasparro-agentic-fb-analyst-neelesh-gadi\\src\\agents\\data_agent.py\", line 79, in execute\n    df, data_quality_issues = self._load_and_validate_dataset(dataset_path)\n  File \"D:\\project_8\\kasparro-agentic-fb-analyst-neelesh-gadi\\src\\agents\\data_agent.py\", line 165, in _load_and_validate_dataset\n    raise ValidationError(\nsrc.schemas.validation.ValidationError: Missing required fields in dataset", "agent_name": "data_agent", "error_type": "ValidationError"}
{"timestamp": "2025-11-30T15:53:54.140896Z", "level": "ERROR", "logger": "data_agent", "message": "Data Agent execution failed: Missing required fields in dataset", "exception": "Traceback (most recent call last):\n  File \"D:\\project_8\\kasparro-agentic-fb-analyst-neelesh-gadi\\src\\agents\\data_agent.py\", line 79, in execute\n    df, data_quality_issues = self._load_and_validate_dataset(dataset_path)\n  File \"D:\\project_8\\kasparro-agentic-fb-analyst-neelesh-gadi\\src\\agents\\data_agent.py\", line 165, in _load_and_validate_dataset\n    raise ValidationError(\nsrc.schemas.validation.ValidationError: Missing required fields in dataset", "agent_name": "data_agent", "error_type": "ValidationError"}
{"timestamp": "2025-11-30T15:53:54.236853Z", "level": "ERROR", "logger": "data_agent", "message": "Data Agent execution failed: Missing required fields in dataset", "exception": "Traceback (most recent call last):\n  File \"D:\\project_8\\kasparro-agentic-fb-analyst-neelesh-gadi\\src\\agents\\data_agent.py\", line 79, in execute\n    df, data_quality_issues = self._load_and_validate_dataset(dataset_path)\n  File \"D:\\project_8\\kasparro-agentic-fb-analyst-neelesh-gadi\\src\\agents\\data_agent.py\", line 165, in _load_and_validate_dataset\n    raise ValidationError(\nsrc.schemas.validation.ValidationError: Missing required fields in dataset", "agent_name": "data_agent", "error_type": "ValidationError"}
{"timestamp": "2025-11-30T15:53:54.336969Z", "level": "ERROR", "logger": "data_agent", "message": "Data Agent execution failed: Missing required fields in dataset", "exception": "Traceback (most recent call last):\n  File \"D:\\project_8\\kasparro-agentic-fb-analyst-neelesh-gadi\\src\\agents\\data_agent.py\", line 79, in execute\n    df, data_quality_issues = self._load_and_validate_dataset(dataset_path)\n  File \"D:\\project_8\\kasparro-agentic-fb-analyst-neelesh-gadi\\src\\agents\\data_agent.py\", line 165, in _load_and_validate_dataset\n    raise ValidationError(\nsrc.schemas.validation.ValidationError: Missing required fields in dataset", "agent_name": "data_agent", "error_type": "ValidationError"}
{"timestamp": "2025-11-30T15:53:54.420572Z", "level": "ERROR", "logger": "data_agent", "message": "Data Agent execution failed: Missing required fields in dataset", "exception": "Traceback (most recent call last):\n  File \"D:\\project_8\\kasparro-agentic-fb-analyst-neelesh-gadi\\src\\agents\\data_agent.py\", line 79, in execute\n    df, data_quality_issues = self._load_and_validate_dataset(dataset_path)\n  File \"D:\\project_8\\kasparro-agentic-fb-analyst-neelesh-gadi\\src\\agents\\data_agent.py\", line 165, in _load_and_validate_dataset\n    raise ValidationError(\nsrc.schemas.validation.ValidationError: Missing required fields in dataset", "agent_name": "data_agent", "error_type": "ValidationError"}
{"timestamp": "2025-11-30T15:53:54.520819Z", "level": "ERROR", "logger": "data_agent", "message": "Data Agent execution failed: Missing required fields in dataset", "exception": "Traceback (most recent call last):\n  File \"D:\\project_8\\kasparro-agentic-fb-analyst-neelesh-gadi\\src\\agents\\data_agent.py\", line 79, in execute\n    df, data_quality_issues = self._load_and_validate_dataset(dataset_path)\n  File \"D:\\project_8\\kasparro-agentic-fb-analyst-neelesh-gadi\\src\\agents\\data_agent.py\", line 165, in _load_and_validate_dataset\n    raise ValidationError(\nsrc.schemas.validation.ValidationError: Missing required fields in dataset", "agent_name": "data_agent", "error_type": "ValidationError"}
{"timestamp": "2025-11-30T15:53:54.613940Z", "level": "ERROR", "logger": "data_agent", "message": "Data Agent execution failed: Missing required fields in dataset", "exception": "Traceback (most recent call last):\n  File \"D:\\project_8\\kasparro-agentic-fb-analyst-neelesh-gadi\\src\\agents\\data_agent.py\", line 79, in execute\n    df, data_quality_issues = self._load_and_validate_dataset(dataset_path)\n  File \"D:\\project_8\\kasparro-agentic-fb-analyst-neelesh-gadi\\src\\agents\\data_agent.py\", line 165, in _load_and_validate_dataset\n    raise ValidationError(\nsrc.schemas.validation.ValidationError: Missing required fields in dataset", "agent_name": "data_agent", "error_type": "ValidationError"}
{"timestamp": "2025-11-30T15:53:54.705324Z", "level": "ERROR", "logger": "data_agent", "message": "Data Agent execution failed: Missing required fields in dataset", "exception": "Traceback (most recent call last):\n  File \"D:\\project_8\\kasparro-agentic-fb-analyst-neelesh-gadi\\src\\agents\\data_agent.py\", line 79, in execute\n    df, data_quality_issues = self._load_and_validate_dataset(dataset_path)\n  File \"D:\\project_8\\kasparro-agentic-fb-analyst-neelesh-gadi\\src\\agents\\data_agent.py\", line 165, in _load_and_validate_dataset\n    raise ValidationError(\nsrc.schemas.validation.ValidationError: Missing required fields in dataset", "agent_name": "data_agent", "error_type": "ValidationError"}
{"timestamp": "2025-11-30T15:53:54.794302Z", "level": "ERROR", "logger": "data_agent", "message": "Data Agent execution failed: Missing required fields in dataset", "exception": "Traceback (most recent call last):\n  File \"D:\\project_8\\kasparro-agentic-fb-analyst-neelesh-gadi\\src\\agents\\data_agent.py\", line 79, in execute\n    df, data_quality_issues = self._load_and_validate_dataset(dataset_path)\n  File \"D:\\project_8\\kasparro-agentic-fb-analyst-neelesh-gadi\\src\\agents\\data_agent.py\", line 165, in _load_and_validate_dataset\n    raise ValidationError(\nsrc.schemas.validation.ValidationError: Missing required fields in dataset", "agent_name": "data_agent", "error_type": "ValidationError"}
{"timestamp": "2025-11-30T15:53:54.887120Z", "level": "ERROR", "logger": "data_agent", "message": "Data Agent execution failed: Missing required fields in dataset", "exception": "Traceback (most recent call last):\n  File \"D:\\project_8\\kasparro-agentic-fb-analyst-neelesh-gadi\\src\\agents\\data_agent.py\", line 79, in execute\n    df, data_quality_issues = self._load_and_validate_dataset(dataset_path)\n  File \"D:\\project_8\\kasparro-agentic-fb-analyst-neelesh-gadi\\src\\agents\\data_agent.py\", line 165, in _load_and_validate_dataset\n    raise ValidationError(\nsrc.schemas.validation.ValidationError: Missing required fields in dataset", "agent_name": "data_agent", "error_type": "ValidationError"}
{"timestamp": "2025-11-30T15:53:54.972110Z", "level": "ERROR", "logger": "data_agent", "message": "Data Agent execution failed: Missing required fields in dataset", "exception": "Traceback (most recent call last):\n  File \"D:\\project_8\\kasparro-agentic-fb-analyst-neelesh-gadi\\src\\agents\\data_agent.py\", line 79, in execute\n    df, data_quality_issues = self._load_and_validate_dataset(dataset_path)\n  File \"D:\\project_8\\kasparro-agentic-fb-analyst-neelesh-gadi\\src\\agents\\data_agent.py\", line 165, in _load_and_validate_dataset\n    raise ValidationError(\nsrc.schemas.validation.ValidationError: Missing required fields in dataset", "agent_name": "data_agent", "error_type": "ValidationError"}
