{"timestamp": "2025-11-30T19:14:32.720441Z", "level": "ERROR", "logger": "agent_orchestration", "message": "Agent execution failed", "exception": "Traceback (most recent call last):\n  File \"D:\\project_8\\kasparro-agentic-fb-analyst-neelesh-gadi\\src\\agents\\__init__.py\", line 120, in execute_with_retry\n    result = agent_func(input_data)\n  File \"D:\\project_8\\kasparro-agentic-fb-analyst-neelesh-gadi\\tests\\test_properties_orchestration.py\", line 38, in execute\n    raise RuntimeError(f\"Mock failure {self.execution_count}\")\nRuntimeError: Mock failure 1", "agent_name": "mock_agent", "error_type": "RuntimeError", "attempt": 1, "max_attempts": 4, "error_message": "Mock failure 1"}
{"timestamp": "2025-11-30T19:14:32.739305Z", "level": "ERROR", "logger": "agent_orchestration", "message": "Agent execution failed", "exception": "Traceback (most recent call last):\n  File \"D:\\project_8\\kasparro-agentic-fb-analyst-neelesh-gadi\\src\\agents\\__init__.py\", line 120, in execute_with_retry\n    result = agent_func(input_data)\n  File \"D:\\project_8\\kasparro-agentic-fb-analyst-neelesh-gadi\\tests\\test_properties_orchestration.py\", line 38, in execute\n    raise RuntimeError(f\"Mock failure {self.execution_count}\")\nRuntimeError: Mock failure 2", "agent_name": "mock_agent", "error_type": "RuntimeError", "attempt": 2, "max_attempts": 4, "error_message": "Mock failure 2"}
{"timestamp": "2025-11-30T19:14:32.759036Z", "level": "ERROR", "logger": "agent_orchestration", "message": "Agent execution failed", "exception": "Traceback (most recent call last):\n  File \"D:\\project_8\\kasparro-agentic-fb-analyst-neelesh-gadi\\src\\agents\\__init__.py\", line 120, in execute_with_retry\n    result = agent_func(input_data)\n  File \"D:\\project_8\\kasparro-agentic-fb-analyst-neelesh-gadi\\tests\\test_properties_orchestration.py\", line 38, in execute\n    raise RuntimeError(f\"Mock failure {self.execution_count}\")\nRuntimeError: Mock failure 1", "agent_name": "mock_agent", "error_type": "RuntimeError", "attempt": 1, "max_attempts": 3, "error_message": "Mock failure 1"}
{"timestamp": "2025-11-30T19:14:32.771172Z", "level": "ERROR", "logger": "agent_orchestration", "message": "Agent execution failed", "exception": "Traceback (most recent call last):\n  File \"D:\\project_8\\kasparro-agentic-fb-analyst-neelesh-gadi\\src\\agents\\__init__.py\", line 120, in execute_with_retry\n    result = agent_func(input_data)\n  File \"D:\\project_8\\kasparro-agentic-fb-analyst-neelesh-gadi\\tests\\test_properties_orchestration.py\", line 38, in execute\n    raise RuntimeError(f\"Mock failure {self.execution_count}\")\nRuntimeError: Mock failure 1", "agent_name": "mock_agent", "error_type": "RuntimeError", "attempt": 1, "max_attempts": 3, "error_message": "Mock failure 1"}
{"timestamp": "2025-11-30T19:14:32.785846Z", "level": "ERROR", "logger": "agent_orchestration", "message": "Agent execution failed", "exception": "Traceback (most recent call last):\n  File \"D:\\project_8\\kasparro-agentic-fb-analyst-neelesh-gadi\\src\\agents\\__init__.py\", line 120, in execute_with_retry\n    result = agent_func(input_data)\n  File \"D:\\project_8\\kasparro-agentic-fb-analyst-neelesh-gadi\\tests\\test_properties_orchestration.py\", line 38, in execute\n    raise RuntimeError(f\"Mock failure {self.execution_count}\")\nRuntimeError: Mock failure 2", "agent_name": "mock_agent", "error_type": "RuntimeError", "attempt": 2, "max_attempts": 3, "error_message": "Mock failure 2"}
{"timestamp": "2025-11-30T19:14:32.803821Z", "level": "ERROR", "logger": "agent_orchestration", "message": "Agent execution failed", "exception": "Traceback (most recent call last):\n  File \"D:\\project_8\\kasparro-agentic-fb-analyst-neelesh-gadi\\src\\agents\\__init__.py\", line 120, in execute_with_retry\n    result = agent_func(input_data)\n  File \"D:\\project_8\\kasparro-agentic-fb-analyst-neelesh-gadi\\tests\\test_properties_orchestration.py\", line 38, in execute\n    raise RuntimeError(f\"Mock failure {self.execution_count}\")\nRuntimeError: Mock failure 1", "agent_name": "mock_agent", "error_type": "RuntimeError", "attempt": 1, "max_attempts": 5, "error_message": "Mock failure 1"}
{"timestamp": "2025-11-30T19:14:32.817046Z", "level": "ERROR", "logger": "agent_orchestration", "message": "Agent execution failed", "exception": "Traceback (most recent call last):\n  File \"D:\\project_8\\kasparro-agentic-fb-analyst-neelesh-gadi\\src\\agents\\__init__.py\", line 120, in execute_with_retry\n    result = agent_func(input_data)\n  File \"D:\\project_8\\kasparro-agentic-fb-analyst-neelesh-gadi\\tests\\test_properties_orchestration.py\", line 38, in execute\n    raise RuntimeError(f\"Mock failure {self.execution_count}\")\nRuntimeError: Mock failure 2", "agent_name": "mock_agent", "error_type": "RuntimeError", "attempt": 2, "max_attempts": 5, "error_message": "Mock failure 2"}
{"timestamp": "2025-11-30T19:14:32.834172Z", "level": "ERROR", "logger": "agent_orchestration", "message": "Agent execution failed", "exception": "Traceback (most recent call last):\n  File \"D:\\project_8\\kasparro-agentic-fb-analyst-neelesh-gadi\\src\\agents\\__init__.py\", line 120, in execute_with_retry\n    result = agent_func(input_data)\n  File \"D:\\project_8\\kasparro-agentic-fb-analyst-neelesh-gadi\\tests\\test_properties_orchestration.py\", line 38, in execute\n    raise RuntimeError(f\"Mock failure {self.execution_count}\")\nRuntimeError: Mock failure 1", "agent_name": "mock_agent", "error_type": "RuntimeError", "attempt": 1, "max_attempts": 6, "error_message": "Mock failure 1"}
{"timestamp": "2025-11-30T19:14:32.847665Z", "level": "ERROR", "logger": "agent_orchestration", "message": "Agent execution failed", "exception": "Traceback (most recent call last):\n  File \"D:\\project_8\\kasparro-agentic-fb-analyst-neelesh-gadi\\src\\agents\\__init__.py\", line 120, in execute_with_retry\n    result = agent_func(input_data)\n  File \"D:\\project_8\\kasparro-agentic-fb-analyst-neelesh-gadi\\tests\\test_properties_orchestration.py\", line 38, in execute\n    raise RuntimeError(f\"Mock failure {self.execution_count}\")\nRuntimeError: Mock failure 2", "agent_name": "mock_agent", "error_type": "RuntimeError", "attempt": 2, "max_attempts": 6, "error_message": "Mock failure 2"}
{"timestamp": "2025-11-30T19:14:32.863278Z", "level": "ERROR", "logger": "agent_orchestration", "message": "Agent execution failed", "exception": "Traceback (most recent call last):\n  File \"D:\\project_8\\kasparro-agentic-fb-analyst-neelesh-gadi\\src\\agents\\__init__.py\", line 120, in execute_with_retry\n    result = agent_func(input_data)\n  File \"D:\\project_8\\kasparro-agentic-fb-analyst-neelesh-gadi\\tests\\test_properties_orchestration.py\", line 38, in execute\n    raise RuntimeError(f\"Mock failure {self.execution_count}\")\nRuntimeError: Mock failure 3", "agent_name": "mock_agent", "error_type": "RuntimeError", "attempt": 3, "max_attempts": 6, "error_message": "Mock failure 3"}
{"timestamp": "2025-11-30T19:14:32.880161Z", "level": "ERROR", "logger": "agent_orchestration", "message": "Agent execution failed", "exception": "Traceback (most recent call last):\n  File \"D:\\project_8\\kasparro-agentic-fb-analyst-neelesh-gadi\\src\\agents\\__init__.py\", line 120, in execute_with_retry\n    result = agent_func(input_data)\n  File \"D:\\project_8\\kasparro-agentic-fb-analyst-neelesh-gadi\\tests\\test_properties_orchestration.py\", line 38, in execute\n    raise RuntimeError(f\"Mock failure {self.execution_count}\")\nRuntimeError: Mock failure 1", "agent_name": "mock_agent", "error_type": "RuntimeError", "attempt": 1, "max_attempts": 3, "error_message": "Mock failure 1"}
{"timestamp": "2025-11-30T19:14:32.893290Z", "level": "ERROR", "logger": "agent_orchestration", "message": "Agent execution failed", "exception": "Traceback (most recent call last):\n  File \"D:\\project_8\\kasparro-agentic-fb-analyst-neelesh-gadi\\src\\agents\\__init__.py\", line 120, in execute_with_retry\n    result = agent_func(input_data)\n  File \"D:\\project_8\\kasparro-agentic-fb-analyst-neelesh-gadi\\tests\\test_properties_orchestration.py\", line 38, in execute\n    raise RuntimeError(f\"Mock failure {self.execution_count}\")\nRuntimeError: Mock failure 2", "agent_name": "mock_agent", "error_type": "RuntimeError", "attempt": 2, "max_attempts": 3, "error_message": "Mock failure 2"}
