{"timestamp": "2025-11-30T19:14:31.111833Z", "level": "ERROR", "logger": "agent_orchestration", "message": "Agent execution failed", "exception": "Traceback (most recent call last):\n  File \"D:\\project_8\\kasparro-agentic-fb-analyst-neelesh-gadi\\src\\agents\\__init__.py\", line 120, in execute_with_retry\n    result = agent_func(input_data)\n  File \"D:\\project_8\\kasparro-agentic-fb-analyst-neelesh-gadi\\tests\\test_properties_orchestration.py\", line 38, in execute\n    raise RuntimeError(f\"Mock failure {self.execution_count}\")\nRuntimeError: Mock failure 1", "agent_name": "mock_agent", "error_type": "RuntimeError", "attempt": 1, "max_attempts": 2, "error_message": "Mock failure 1"}
{"timestamp": "2025-11-30T19:14:31.136531Z", "level": "ERROR", "logger": "agent_orchestration", "message": "Agent execution failed", "exception": "Traceback (most recent call last):\n  File \"D:\\project_8\\kasparro-agentic-fb-analyst-neelesh-gadi\\src\\agents\\__init__.py\", line 120, in execute_with_retry\n    result = agent_func(input_data)\n  File \"D:\\project_8\\kasparro-agentic-fb-analyst-neelesh-gadi\\tests\\test_properties_orchestration.py\", line 38, in execute\n    raise RuntimeError(f\"Mock failure {self.execution_count}\")\nRuntimeError: Mock failure 1", "agent_name": "mock_agent", "error_type": "RuntimeError", "attempt": 1, "max_attempts": 5, "error_message": "Mock failure 1"}
{"timestamp": "2025-11-30T19:14:31.151887Z", "level": "ERROR", "logger": "agent_orchestration", "message": "Agent execution failed", "exception": "Traceback (most recent call last):\n  File \"D:\\project_8\\kasparro-agentic-fb-analyst-neelesh-gadi\\src\\agents\\__init__.py\", line 120, in execute_with_retry\n    result = agent_func(input_data)\n  File \"D:\\project_8\\kasparro-agentic-fb-analyst-neelesh-gadi\\tests\\test_properties_orchestration.py\", line 38, in execute\n    raise RuntimeError(f\"Mock failure {self.execution_count}\")\nRuntimeError: Mock failure 1", "agent_name": "mock_agent", "error_type": "RuntimeError", "attempt": 1, "max_attempts": 5, "error_message": "Mock failure 1"}
{"timestamp": "2025-11-30T19:14:31.166077Z", "level": "ERROR", "logger": "agent_orchestration", "message": "Agent execution failed", "exception": "Traceback (most recent call last):\n  File \"D:\\project_8\\kasparro-agentic-fb-analyst-neelesh-gadi\\src\\agents\\__init__.py\", line 120, in execute_with_retry\n    result = agent_func(input_data)\n  File \"D:\\project_8\\kasparro-agentic-fb-analyst-neelesh-gadi\\tests\\test_properties_orchestration.py\", line 38, in execute\n    raise RuntimeError(f\"Mock failure {self.execution_count}\")\nRuntimeError: Mock failure 2", "agent_name": "mock_agent", "error_type": "RuntimeError", "attempt": 2, "max_attempts": 5, "error_message": "Mock failure 2"}
{"timestamp": "2025-11-30T19:14:31.181940Z", "level": "ERROR", "logger": "agent_orchestration", "message": "Agent execution failed", "exception": "Traceback (most recent call last):\n  File \"D:\\project_8\\kasparro-agentic-fb-analyst-neelesh-gadi\\src\\agents\\__init__.py\", line 120, in execute_with_retry\n    result = agent_func(input_data)\n  File \"D:\\project_8\\kasparro-agentic-fb-analyst-neelesh-gadi\\tests\\test_properties_orchestration.py\", line 38, in execute\n    raise RuntimeError(f\"Mock failure {self.execution_count}\")\nRuntimeError: Mock failure 3", "agent_name": "mock_agent", "error_type": "RuntimeError", "attempt": 3, "max_attempts": 5, "error_message": "Mock failure 3"}
{"timestamp": "2025-11-30T19:14:31.198407Z", "level": "ERROR", "logger": "agent_orchestration", "message": "Agent execution failed", "exception": "Traceback (most recent call last):\n  File \"D:\\project_8\\kasparro-agentic-fb-analyst-neelesh-gadi\\src\\agents\\__init__.py\", line 120, in execute_with_retry\n    result = agent_func(input_data)\n  File \"D:\\project_8\\kasparro-agentic-fb-analyst-neelesh-gadi\\tests\\test_properties_orchestration.py\", line 38, in execute\n    raise RuntimeError(f\"Mock failure {self.execution_count}\")\nRuntimeError: Mock failure 1", "agent_name": "mock_agent", "error_type": "RuntimeError", "attempt": 1, "max_attempts": 2, "error_message": "Mock failure 1"}
{"timestamp": "2025-11-30T19:14:31.214268Z", "level": "ERROR", "logger": "agent_orchestration", "message": "Agent execution failed", "exception": "Traceback (most recent call last):\n  File \"D:\\project_8\\kasparro-agentic-fb-analyst-neelesh-gadi\\src\\agents\\__init__.py\", line 120, in execute_with_retry\n    result = agent_func(input_data)\n  File \"D:\\project_8\\kasparro-agentic-fb-analyst-neelesh-gadi\\tests\\test_properties_orchestration.py\", line 38, in execute\n    raise RuntimeError(f\"Mock failure {self.execution_count}\")\nRuntimeError: Mock failure 1", "agent_name": "mock_agent", "error_type": "RuntimeError", "attempt": 1, "max_attempts": 2, "error_message": "Mock failure 1"}
{"timestamp": "2025-11-30T19:14:31.230267Z", "level": "ERROR", "logger": "agent_orchestration", "message": "Agent execution failed", "exception": "Traceback (most recent call last):\n  File \"D:\\project_8\\kasparro-agentic-fb-analyst-neelesh-gadi\\src\\agents\\__init__.py\", line 120, in execute_with_retry\n    result = agent_func(input_data)\n  File \"D:\\project_8\\kasparro-agentic-fb-analyst-neelesh-gadi\\tests\\test_properties_orchestration.py\", line 38, in execute\n    raise RuntimeError(f\"Mock failure {self.execution_count}\")\nRuntimeError: Mock failure 1", "agent_name": "mock_agent", "error_type": "RuntimeError", "attempt": 1, "max_attempts": 6, "error_message": "Mock failure 1"}
{"timestamp": "2025-11-30T19:14:31.245766Z", "level": "ERROR", "logger": "agent_orchestration", "message": "Agent execution failed", "exception": "Traceback (most recent call last):\n  File \"D:\\project_8\\kasparro-agentic-fb-analyst-neelesh-gadi\\src\\agents\\__init__.py\", line 120, in execute_with_retry\n    result = agent_func(input_data)\n  File \"D:\\project_8\\kasparro-agentic-fb-analyst-neelesh-gadi\\tests\\test_properties_orchestration.py\", line 38, in execute\n    raise RuntimeError(f\"Mock failure {self.execution_count}\")\nRuntimeError: Mock failure 1", "agent_name": "mock_agent", "error_type": "RuntimeError", "attempt": 1, "max_attempts": 4, "error_message": "Mock failure 1"}
{"timestamp": "2025-11-30T19:14:31.261938Z", "level": "ERROR", "logger": "agent_orchestration", "message": "Agent execution failed", "exception": "Traceback (most recent call last):\n  File \"D:\\project_8\\kasparro-agentic-fb-analyst-neelesh-gadi\\src\\agents\\__init__.py\", line 120, in execute_with_retry\n    result = agent_func(input_data)\n  File \"D:\\project_8\\kasparro-agentic-fb-analyst-neelesh-gadi\\tests\\test_properties_orchestration.py\", line 38, in execute\n    raise RuntimeError(f\"Mock failure {self.execution_count}\")\nRuntimeError: Mock failure 1", "agent_name": "mock_agent", "error_type": "RuntimeError", "attempt": 1, "max_attempts": 4, "error_message": "Mock failure 1"}
{"timestamp": "2025-11-30T19:14:31.275436Z", "level": "ERROR", "logger": "agent_orchestration", "message": "Agent execution failed", "exception": "Traceback (most recent call last):\n  File \"D:\\project_8\\kasparro-agentic-fb-analyst-neelesh-gadi\\src\\agents\\__init__.py\", line 120, in execute_with_retry\n    result = agent_func(input_data)\n  File \"D:\\project_8\\kasparro-agentic-fb-analyst-neelesh-gadi\\tests\\test_properties_orchestration.py\", line 38, in execute\n    raise RuntimeError(f\"Mock failure {self.execution_count}\")\nRuntimeError: Mock failure 2", "agent_name": "mock_agent", "error_type": "RuntimeError", "attempt": 2, "max_attempts": 4, "error_message": "Mock failure 2"}
{"timestamp": "2025-11-30T19:14:31.291504Z", "level": "ERROR", "logger": "agent_orchestration", "message": "Agent execution failed", "exception": "Traceback (most recent call last):\n  File \"D:\\project_8\\kasparro-agentic-fb-analyst-neelesh-gadi\\src\\agents\\__init__.py\", line 120, in execute_with_retry\n    result = agent_func(input_data)\n  File \"D:\\project_8\\kasparro-agentic-fb-analyst-neelesh-gadi\\tests\\test_properties_orchestration.py\", line 38, in execute\n    raise RuntimeError(f\"Mock failure {self.execution_count}\")\nRuntimeError: Mock failure 3", "agent_name": "mock_agent", "error_type": "RuntimeError", "attempt": 3, "max_attempts": 4, "error_message": "Mock failure 3"}
{"timestamp": "2025-11-30T19:14:31.310186Z", "level": "ERROR", "logger": "agent_orchestration", "message": "Agent execution failed", "exception": "Traceback (most recent call last):\n  File \"D:\\project_8\\kasparro-agentic-fb-analyst-neelesh-gadi\\src\\agents\\__init__.py\", line 120, in execute_with_retry\n    result = agent_func(input_data)\n  File \"D:\\project_8\\kasparro-agentic-fb-analyst-neelesh-gadi\\tests\\test_properties_orchestration.py\", line 38, in execute\n    raise RuntimeError(f\"Mock failure {self.execution_count}\")\nRuntimeError: Mock failure 1", "agent_name": "mock_agent", "error_type": "RuntimeError", "attempt": 1, "max_attempts": 6, "error_message": "Mock failure 1"}
{"timestamp": "2025-11-30T19:14:31.322615Z", "level": "ERROR", "logger": "agent_orchestration", "message": "Agent execution failed", "exception": "Traceback (most recent call last):\n  File \"D:\\project_8\\kasparro-agentic-fb-analyst-neelesh-gadi\\src\\agents\\__init__.py\", line 120, in execute_with_retry\n    result = agent_func(input_data)\n  File \"D:\\project_8\\kasparro-agentic-fb-analyst-neelesh-gadi\\tests\\test_properties_orchestration.py\", line 38, in execute\n    raise RuntimeError(f\"Mock failure {self.execution_count}\")\nRuntimeError: Mock failure 2", "agent_name": "mock_agent", "error_type": "RuntimeError", "attempt": 2, "max_attempts": 6, "error_message": "Mock failure 2"}
