{"timestamp": "2025-11-30T22:19:43.160042Z", "level": "ERROR", "logger": "agent_orchestration", "message": "Agent execution failed", "exception": "Traceback (most recent call last):\n  File \"D:\\project_8\\kasparro-agentic-fb-analyst-neelesh-gadi\\src\\agents\\__init__.py\", line 120, in execute_with_retry\n    result = agent_func(input_data)\n  File \"D:\\project_8\\kasparro-agentic-fb-analyst-neelesh-gadi\\tests\\test_properties_orchestration.py\", line 38, in execute\n    raise RuntimeError(f\"Mock failure {self.execution_count}\")\nRuntimeError: Mock failure 1", "agent_name": "mock_agent", "error_type": "RuntimeError", "taskName": null, "attempt": 1, "max_attempts": 6, "error_message": "Mock failure 1"}
{"timestamp": "2025-11-30T22:19:43.174353Z", "level": "ERROR", "logger": "agent_orchestration", "message": "Agent execution failed", "exception": "Traceback (most recent call last):\n  File \"D:\\project_8\\kasparro-agentic-fb-analyst-neelesh-gadi\\src\\agents\\__init__.py\", line 120, in execute_with_retry\n    result = agent_func(input_data)\n  File \"D:\\project_8\\kasparro-agentic-fb-analyst-neelesh-gadi\\tests\\test_properties_orchestration.py\", line 38, in execute\n    raise RuntimeError(f\"Mock failure {self.execution_count}\")\nRuntimeError: Mock failure 2", "agent_name": "mock_agent", "error_type": "RuntimeError", "taskName": null, "attempt": 2, "max_attempts": 6, "error_message": "Mock failure 2"}
{"timestamp": "2025-11-30T22:19:43.189477Z", "level": "ERROR", "logger": "agent_orchestration", "message": "Agent execution failed", "exception": "Traceback (most recent call last):\n  File \"D:\\project_8\\kasparro-agentic-fb-analyst-neelesh-gadi\\src\\agents\\__init__.py\", line 120, in execute_with_retry\n    result = agent_func(input_data)\n  File \"D:\\project_8\\kasparro-agentic-fb-analyst-neelesh-gadi\\tests\\test_properties_orchestration.py\", line 38, in execute\n    raise RuntimeError(f\"Mock failure {self.execution_count}\")\nRuntimeError: Mock failure 3", "agent_name": "mock_agent", "error_type": "RuntimeError", "taskName": null, "attempt": 3, "max_attempts": 6, "error_message": "Mock failure 3"}
{"timestamp": "2025-11-30T22:19:43.206198Z", "level": "ERROR", "logger": "agent_orchestration", "message": "Agent execution failed", "exception": "Traceback (most recent call last):\n  File \"D:\\project_8\\kasparro-agentic-fb-analyst-neelesh-gadi\\src\\agents\\__init__.py\", line 120, in execute_with_retry\n    result = agent_func(input_data)\n  File \"D:\\project_8\\kasparro-agentic-fb-analyst-neelesh-gadi\\tests\\test_properties_orchestration.py\", line 38, in execute\n    raise RuntimeError(f\"Mock failure {self.execution_count}\")\nRuntimeError: Mock failure 4", "agent_name": "mock_agent", "error_type": "RuntimeError", "taskName": null, "attempt": 4, "max_attempts": 6, "error_message": "Mock failure 4"}
{"timestamp": "2025-11-30T22:19:43.222533Z", "level": "ERROR", "logger": "agent_orchestration", "message": "Agent execution failed", "exception": "Traceback (most recent call last):\n  File \"D:\\project_8\\kasparro-agentic-fb-analyst-neelesh-gadi\\src\\agents\\__init__.py\", line 120, in execute_with_retry\n    result = agent_func(input_data)\n  File \"D:\\project_8\\kasparro-agentic-fb-analyst-neelesh-gadi\\tests\\test_properties_orchestration.py\", line 38, in execute\n    raise RuntimeError(f\"Mock failure {self.execution_count}\")\nRuntimeError: Mock failure 5", "agent_name": "mock_agent", "error_type": "RuntimeError", "taskName": null, "attempt": 5, "max_attempts": 6, "error_message": "Mock failure 5"}
{"timestamp": "2025-11-30T22:19:43.249851Z", "level": "ERROR", "logger": "agent_orchestration", "message": "Agent execution failed", "exception": "Traceback (most recent call last):\n  File \"D:\\project_8\\kasparro-agentic-fb-analyst-neelesh-gadi\\src\\agents\\__init__.py\", line 120, in execute_with_retry\n    result = agent_func(input_data)\n  File \"D:\\project_8\\kasparro-agentic-fb-analyst-neelesh-gadi\\tests\\test_properties_orchestration.py\", line 38, in execute\n    raise RuntimeError(f\"Mock failure {self.execution_count}\")\nRuntimeError: Mock failure 6", "agent_name": "mock_agent", "error_type": "RuntimeError", "taskName": null, "attempt": 6, "max_attempts": 6, "error_message": "Mock failure 6"}
{"timestamp": "2025-11-30T22:19:43.256085Z", "level": "ERROR", "logger": "agent_orchestration", "message": "Agent execution failed after all retries", "agent_name": "mock_agent", "taskName": null, "total_attempts": 6, "final_error": "Mock failure 6"}
{"timestamp": "2025-11-30T22:19:43.296814Z", "level": "ERROR", "logger": "agent_orchestration", "message": "Agent execution failed", "exception": "Traceback (most recent call last):\n  File \"D:\\project_8\\kasparro-agentic-fb-analyst-neelesh-gadi\\src\\agents\\__init__.py\", line 120, in execute_with_retry\n    result = agent_func(input_data)\n  File \"D:\\project_8\\kasparro-agentic-fb-analyst-neelesh-gadi\\tests\\test_properties_orchestration.py\", line 38, in execute\n    raise RuntimeError(f\"Mock failure {self.execution_count}\")\nRuntimeError: Mock failure 1", "agent_name": "mock_agent", "error_type": "RuntimeError", "taskName": null, "attempt": 1, "max_attempts": 1, "error_message": "Mock failure 1"}
{"timestamp": "2025-11-30T22:19:43.304762Z", "level": "ERROR", "logger": "agent_orchestration", "message": "Agent execution failed after all retries", "agent_name": "mock_agent", "taskName": null, "total_attempts": 1, "final_error": "Mock failure 1"}
{"timestamp": "2025-11-30T22:19:43.343997Z", "level": "ERROR", "logger": "agent_orchestration", "message": "Agent execution failed", "exception": "Traceback (most recent call last):\n  File \"D:\\project_8\\kasparro-agentic-fb-analyst-neelesh-gadi\\src\\agents\\__init__.py\", line 120, in execute_with_retry\n    result = agent_func(input_data)\n  File \"D:\\project_8\\kasparro-agentic-fb-analyst-neelesh-gadi\\tests\\test_properties_orchestration.py\", line 38, in execute\n    raise RuntimeError(f\"Mock failure {self.execution_count}\")\nRuntimeError: Mock failure 1", "agent_name": "mock_agent", "error_type": "RuntimeError", "taskName": null, "attempt": 1, "max_attempts": 3, "error_message": "Mock failure 1"}
{"timestamp": "2025-11-30T22:19:43.358536Z", "level": "ERROR", "logger": "agent_orchestration", "message": "Agent execution failed", "exception": "Traceback (most recent call last):\n  File \"D:\\project_8\\kasparro-agentic-fb-analyst-neelesh-gadi\\src\\agents\\__init__.py\", line 120, in execute_with_retry\n    result = agent_func(input_data)\n  File \"D:\\project_8\\kasparro-agentic-fb-analyst-neelesh-gadi\\tests\\test_properties_orchestration.py\", line 38, in execute\n    raise RuntimeError(f\"Mock failure {self.execution_count}\")\nRuntimeError: Mock failure 2", "agent_name": "mock_agent", "error_type": "RuntimeError", "taskName": null, "attempt": 2, "max_attempts": 3, "error_message": "Mock failure 2"}
{"timestamp": "2025-11-30T22:19:43.379401Z", "level": "ERROR", "logger": "agent_orchestration", "message": "Agent execution failed", "exception": "Traceback (most recent call last):\n  File \"D:\\project_8\\kasparro-agentic-fb-analyst-neelesh-gadi\\src\\agents\\__init__.py\", line 120, in execute_with_retry\n    result = agent_func(input_data)\n  File \"D:\\project_8\\kasparro-agentic-fb-analyst-neelesh-gadi\\tests\\test_properties_orchestration.py\", line 38, in execute\n    raise RuntimeError(f\"Mock failure {self.execution_count}\")\nRuntimeError: Mock failure 3", "agent_name": "mock_agent", "error_type": "RuntimeError", "taskName": null, "attempt": 3, "max_attempts": 3, "error_message": "Mock failure 3"}
{"timestamp": "2025-11-30T22:19:43.385798Z", "level": "ERROR", "logger": "agent_orchestration", "message": "Agent execution failed after all retries", "agent_name": "mock_agent", "taskName": null, "total_attempts": 3, "final_error": "Mock failure 3"}
{"timestamp": "2025-11-30T22:19:43.427360Z", "level": "ERROR", "logger": "agent_orchestration", "message": "Agent execution failed", "exception": "Traceback (most recent call last):\n  File \"D:\\project_8\\kasparro-agentic-fb-analyst-neelesh-gadi\\src\\agents\\__init__.py\", line 120, in execute_with_retry\n    result = agent_func(input_data)\n  File \"D:\\project_8\\kasparro-agentic-fb-analyst-neelesh-gadi\\tests\\test_properties_orchestration.py\", line 38, in execute\n    raise RuntimeError(f\"Mock failure {self.execution_count}\")\nRuntimeError: Mock failure 1", "agent_name": "mock_agent", "error_type": "RuntimeError", "taskName": null, "attempt": 1, "max_attempts": 4, "error_message": "Mock failure 1"}
{"timestamp": "2025-11-30T22:19:43.442690Z", "level": "ERROR", "logger": "agent_orchestration", "message": "Agent execution failed", "exception": "Traceback (most recent call last):\n  File \"D:\\project_8\\kasparro-agentic-fb-analyst-neelesh-gadi\\src\\agents\\__init__.py\", line 120, in execute_with_retry\n    result = agent_func(input_data)\n  File \"D:\\project_8\\kasparro-agentic-fb-analyst-neelesh-gadi\\tests\\test_properties_orchestration.py\", line 38, in execute\n    raise RuntimeError(f\"Mock failure {self.execution_count}\")\nRuntimeError: Mock failure 2", "agent_name": "mock_agent", "error_type": "RuntimeError", "taskName": null, "attempt": 2, "max_attempts": 4, "error_message": "Mock failure 2"}
{"timestamp": "2025-11-30T22:19:43.466844Z", "level": "ERROR", "logger": "agent_orchestration", "message": "Agent execution failed", "exception": "Traceback (most recent call last):\n  File \"D:\\project_8\\kasparro-agentic-fb-analyst-neelesh-gadi\\src\\agents\\__init__.py\", line 120, in execute_with_retry\n    result = agent_func(input_data)\n  File \"D:\\project_8\\kasparro-agentic-fb-analyst-neelesh-gadi\\tests\\test_properties_orchestration.py\", line 38, in execute\n    raise RuntimeError(f\"Mock failure {self.execution_count}\")\nRuntimeError: Mock failure 3", "agent_name": "mock_agent", "error_type": "RuntimeError", "taskName": null, "attempt": 3, "max_attempts": 4, "error_message": "Mock failure 3"}
{"timestamp": "2025-11-30T22:19:43.510304Z", "level": "ERROR", "logger": "agent_orchestration", "message": "Agent execution failed", "exception": "Traceback (most recent call last):\n  File \"D:\\project_8\\kasparro-agentic-fb-analyst-neelesh-gadi\\src\\agents\\__init__.py\", line 120, in execute_with_retry\n    result = agent_func(input_data)\n  File \"D:\\project_8\\kasparro-agentic-fb-analyst-neelesh-gadi\\tests\\test_properties_orchestration.py\", line 38, in execute\n    raise RuntimeError(f\"Mock failure {self.execution_count}\")\nRuntimeError: Mock failure 4", "agent_name": "mock_agent", "error_type": "RuntimeError", "taskName": null, "attempt": 4, "max_attempts": 4, "error_message": "Mock failure 4"}
{"timestamp": "2025-11-30T22:19:43.515128Z", "level": "ERROR", "logger": "agent_orchestration", "message": "Agent execution failed after all retries", "agent_name": "mock_agent", "taskName": null, "total_attempts": 4, "final_error": "Mock failure 4"}
{"timestamp": "2025-11-30T22:19:43.557258Z", "level": "ERROR", "logger": "agent_orchestration", "message": "Agent execution failed", "exception": "Traceback (most recent call last):\n  File \"D:\\project_8\\kasparro-agentic-fb-analyst-neelesh-gadi\\src\\agents\\__init__.py\", line 120, in execute_with_retry\n    result = agent_func(input_data)\n  File \"D:\\project_8\\kasparro-agentic-fb-analyst-neelesh-gadi\\tests\\test_properties_orchestration.py\", line 38, in execute\n    raise RuntimeError(f\"Mock failure {self.execution_count}\")\nRuntimeError: Mock failure 1", "agent_name": "mock_agent", "error_type": "RuntimeError", "taskName": null, "attempt": 1, "max_attempts": 6, "error_message": "Mock failure 1"}
{"timestamp": "2025-11-30T22:19:43.571611Z", "level": "ERROR", "logger": "agent_orchestration", "message": "Agent execution failed", "exception": "Traceback (most recent call last):\n  File \"D:\\project_8\\kasparro-agentic-fb-analyst-neelesh-gadi\\src\\agents\\__init__.py\", line 120, in execute_with_retry\n    result = agent_func(input_data)\n  File \"D:\\project_8\\kasparro-agentic-fb-analyst-neelesh-gadi\\tests\\test_properties_orchestration.py\", line 38, in execute\n    raise RuntimeError(f\"Mock failure {self.execution_count}\")\nRuntimeError: Mock failure 2", "agent_name": "mock_agent", "error_type": "RuntimeError", "taskName": null, "attempt": 2, "max_attempts": 6, "error_message": "Mock failure 2"}
{"timestamp": "2025-11-30T22:19:43.588333Z", "level": "ERROR", "logger": "agent_orchestration", "message": "Agent execution failed", "exception": "Traceback (most recent call last):\n  File \"D:\\project_8\\kasparro-agentic-fb-analyst-neelesh-gadi\\src\\agents\\__init__.py\", line 120, in execute_with_retry\n    result = agent_func(input_data)\n  File \"D:\\project_8\\kasparro-agentic-fb-analyst-neelesh-gadi\\tests\\test_properties_orchestration.py\", line 38, in execute\n    raise RuntimeError(f\"Mock failure {self.execution_count}\")\nRuntimeError: Mock failure 3", "agent_name": "mock_agent", "error_type": "RuntimeError", "taskName": null, "attempt": 3, "max_attempts": 6, "error_message": "Mock failure 3"}
{"timestamp": "2025-11-30T22:19:43.609581Z", "level": "ERROR", "logger": "agent_orchestration", "message": "Agent execution failed", "exception": "Traceback (most recent call last):\n  File \"D:\\project_8\\kasparro-agentic-fb-analyst-neelesh-gadi\\src\\agents\\__init__.py\", line 120, in execute_with_retry\n    result = agent_func(input_data)\n  File \"D:\\project_8\\kasparro-agentic-fb-analyst-neelesh-gadi\\tests\\test_properties_orchestration.py\", line 38, in execute\n    raise RuntimeError(f\"Mock failure {self.execution_count}\")\nRuntimeError: Mock failure 4", "agent_name": "mock_agent", "error_type": "RuntimeError", "taskName": null, "attempt": 4, "max_attempts": 6, "error_message": "Mock failure 4"}
{"timestamp": "2025-11-30T22:19:43.632103Z", "level": "ERROR", "logger": "agent_orchestration", "message": "Agent execution failed", "exception": "Traceback (most recent call last):\n  File \"D:\\project_8\\kasparro-agentic-fb-analyst-neelesh-gadi\\src\\agents\\__init__.py\", line 120, in execute_with_retry\n    result = agent_func(input_data)\n  File \"D:\\project_8\\kasparro-agentic-fb-analyst-neelesh-gadi\\tests\\test_properties_orchestration.py\", line 38, in execute\n    raise RuntimeError(f\"Mock failure {self.execution_count}\")\nRuntimeError: Mock failure 5", "agent_name": "mock_agent", "error_type": "RuntimeError", "taskName": null, "attempt": 5, "max_attempts": 6, "error_message": "Mock failure 5"}
{"timestamp": "2025-11-30T22:19:43.660032Z", "level": "ERROR", "logger": "agent_orchestration", "message": "Agent execution failed", "exception": "Traceback (most recent call last):\n  File \"D:\\project_8\\kasparro-agentic-fb-analyst-neelesh-gadi\\src\\agents\\__init__.py\", line 120, in execute_with_retry\n    result = agent_func(input_data)\n  File \"D:\\project_8\\kasparro-agentic-fb-analyst-neelesh-gadi\\tests\\test_properties_orchestration.py\", line 38, in execute\n    raise RuntimeError(f\"Mock failure {self.execution_count}\")\nRuntimeError: Mock failure 6", "agent_name": "mock_agent", "error_type": "RuntimeError", "taskName": null, "attempt": 6, "max_attempts": 6, "error_message": "Mock failure 6"}
{"timestamp": "2025-11-30T22:19:43.663901Z", "level": "ERROR", "logger": "agent_orchestration", "message": "Agent execution failed after all retries", "agent_name": "mock_agent", "taskName": null, "total_attempts": 6, "final_error": "Mock failure 6"}
{"timestamp": "2025-11-30T22:19:43.705870Z", "level": "ERROR", "logger": "agent_orchestration", "message": "Agent execution failed", "exception": "Traceback (most recent call last):\n  File \"D:\\project_8\\kasparro-agentic-fb-analyst-neelesh-gadi\\src\\agents\\__init__.py\", line 120, in execute_with_retry\n    result = agent_func(input_data)\n  File \"D:\\project_8\\kasparro-agentic-fb-analyst-neelesh-gadi\\tests\\test_properties_orchestration.py\", line 38, in execute\n    raise RuntimeError(f\"Mock failure {self.execution_count}\")\nRuntimeError: Mock failure 1", "agent_name": "mock_agent", "error_type": "RuntimeError", "taskName": null, "attempt": 1, "max_attempts": 3, "error_message": "Mock failure 1"}
{"timestamp": "2025-11-30T22:19:43.720621Z", "level": "ERROR", "logger": "agent_orchestration", "message": "Agent execution failed", "exception": "Traceback (most recent call last):\n  File \"D:\\project_8\\kasparro-agentic-fb-analyst-neelesh-gadi\\src\\agents\\__init__.py\", line 120, in execute_with_retry\n    result = agent_func(input_data)\n  File \"D:\\project_8\\kasparro-agentic-fb-analyst-neelesh-gadi\\tests\\test_properties_orchestration.py\", line 38, in execute\n    raise RuntimeError(f\"Mock failure {self.execution_count}\")\nRuntimeError: Mock failure 2", "agent_name": "mock_agent", "error_type": "RuntimeError", "taskName": null, "attempt": 2, "max_attempts": 3, "error_message": "Mock failure 2"}
{"timestamp": "2025-11-30T22:19:43.745305Z", "level": "ERROR", "logger": "agent_orchestration", "message": "Agent execution failed", "exception": "Traceback (most recent call last):\n  File \"D:\\project_8\\kasparro-agentic-fb-analyst-neelesh-gadi\\src\\agents\\__init__.py\", line 120, in execute_with_retry\n    result = agent_func(input_data)\n  File \"D:\\project_8\\kasparro-agentic-fb-analyst-neelesh-gadi\\tests\\test_properties_orchestration.py\", line 38, in execute\n    raise RuntimeError(f\"Mock failure {self.execution_count}\")\nRuntimeError: Mock failure 3", "agent_name": "mock_agent", "error_type": "RuntimeError", "taskName": null, "attempt": 3, "max_attempts": 3, "error_message": "Mock failure 3"}
{"timestamp": "2025-11-30T22:19:43.749767Z", "level": "ERROR", "logger": "agent_orchestration", "message": "Agent execution failed after all retries", "agent_name": "mock_agent", "taskName": null, "total_attempts": 3, "final_error": "Mock failure 3"}
{"timestamp": "2025-11-30T22:19:43.790890Z", "level": "ERROR", "logger": "agent_orchestration", "message": "Agent execution failed", "exception": "Traceback (most recent call last):\n  File \"D:\\project_8\\kasparro-agentic-fb-analyst-neelesh-gadi\\src\\agents\\__init__.py\", line 120, in execute_with_retry\n    result = agent_func(input_data)\n  File \"D:\\project_8\\kasparro-agentic-fb-analyst-neelesh-gadi\\tests\\test_properties_orchestration.py\", line 38, in execute\n    raise RuntimeError(f\"Mock failure {self.execution_count}\")\nRuntimeError: Mock failure 1", "agent_name": "mock_agent", "error_type": "RuntimeError", "taskName": null, "attempt": 1, "max_attempts": 4, "error_message": "Mock failure 1"}
{"timestamp": "2025-11-30T22:19:43.805427Z", "level": "ERROR", "logger": "agent_orchestration", "message": "Agent execution failed", "exception": "Traceback (most recent call last):\n  File \"D:\\project_8\\kasparro-agentic-fb-analyst-neelesh-gadi\\src\\agents\\__init__.py\", line 120, in execute_with_retry\n    result = agent_func(input_data)\n  File \"D:\\project_8\\kasparro-agentic-fb-analyst-neelesh-gadi\\tests\\test_properties_orchestration.py\", line 38, in execute\n    raise RuntimeError(f\"Mock failure {self.execution_count}\")\nRuntimeError: Mock failure 2", "agent_name": "mock_agent", "error_type": "RuntimeError", "taskName": null, "attempt": 2, "max_attempts": 4, "error_message": "Mock failure 2"}
{"timestamp": "2025-11-30T22:19:43.827643Z", "level": "ERROR", "logger": "agent_orchestration", "message": "Agent execution failed", "exception": "Traceback (most recent call last):\n  File \"D:\\project_8\\kasparro-agentic-fb-analyst-neelesh-gadi\\src\\agents\\__init__.py\", line 120, in execute_with_retry\n    result = agent_func(input_data)\n  File \"D:\\project_8\\kasparro-agentic-fb-analyst-neelesh-gadi\\tests\\test_properties_orchestration.py\", line 38, in execute\n    raise RuntimeError(f\"Mock failure {self.execution_count}\")\nRuntimeError: Mock failure 3", "agent_name": "mock_agent", "error_type": "RuntimeError", "taskName": null, "attempt": 3, "max_attempts": 4, "error_message": "Mock failure 3"}
{"timestamp": "2025-11-30T22:19:43.863972Z", "level": "ERROR", "logger": "agent_orchestration", "message": "Agent execution failed", "exception": "Traceback (most recent call last):\n  File \"D:\\project_8\\kasparro-agentic-fb-analyst-neelesh-gadi\\src\\agents\\__init__.py\", line 120, in execute_with_retry\n    result = agent_func(input_data)\n  File \"D:\\project_8\\kasparro-agentic-fb-analyst-neelesh-gadi\\tests\\test_properties_orchestration.py\", line 38, in execute\n    raise RuntimeError(f\"Mock failure {self.execution_count}\")\nRuntimeError: Mock failure 4", "agent_name": "mock_agent", "error_type": "RuntimeError", "taskName": null, "attempt": 4, "max_attempts": 4, "error_message": "Mock failure 4"}
{"timestamp": "2025-11-30T22:19:43.870969Z", "level": "ERROR", "logger": "agent_orchestration", "message": "Agent execution failed after all retries", "agent_name": "mock_agent", "taskName": null, "total_attempts": 4, "final_error": "Mock failure 4"}
{"timestamp": "2025-11-30T22:19:43.910407Z", "level": "ERROR", "logger": "agent_orchestration", "message": "Agent execution failed", "exception": "Traceback (most recent call last):\n  File \"D:\\project_8\\kasparro-agentic-fb-analyst-neelesh-gadi\\src\\agents\\__init__.py\", line 120, in execute_with_retry\n    result = agent_func(input_data)\n  File \"D:\\project_8\\kasparro-agentic-fb-analyst-neelesh-gadi\\tests\\test_properties_orchestration.py\", line 38, in execute\n    raise RuntimeError(f\"Mock failure {self.execution_count}\")\nRuntimeError: Mock failure 1", "agent_name": "mock_agent", "error_type": "RuntimeError", "taskName": null, "attempt": 1, "max_attempts": 3, "error_message": "Mock failure 1"}
{"timestamp": "2025-11-30T22:19:43.925197Z", "level": "ERROR", "logger": "agent_orchestration", "message": "Agent execution failed", "exception": "Traceback (most recent call last):\n  File \"D:\\project_8\\kasparro-agentic-fb-analyst-neelesh-gadi\\src\\agents\\__init__.py\", line 120, in execute_with_retry\n    result = agent_func(input_data)\n  File \"D:\\project_8\\kasparro-agentic-fb-analyst-neelesh-gadi\\tests\\test_properties_orchestration.py\", line 38, in execute\n    raise RuntimeError(f\"Mock failure {self.execution_count}\")\nRuntimeError: Mock failure 2", "agent_name": "mock_agent", "error_type": "RuntimeError", "taskName": null, "attempt": 2, "max_attempts": 3, "error_message": "Mock failure 2"}
{"timestamp": "2025-11-30T22:19:43.947144Z", "level": "ERROR", "logger": "agent_orchestration", "message": "Agent execution failed", "exception": "Traceback (most recent call last):\n  File \"D:\\project_8\\kasparro-agentic-fb-analyst-neelesh-gadi\\src\\agents\\__init__.py\", line 120, in execute_with_retry\n    result = agent_func(input_data)\n  File \"D:\\project_8\\kasparro-agentic-fb-analyst-neelesh-gadi\\tests\\test_properties_orchestration.py\", line 38, in execute\n    raise RuntimeError(f\"Mock failure {self.execution_count}\")\nRuntimeError: Mock failure 3", "agent_name": "mock_agent", "error_type": "RuntimeError", "taskName": null, "attempt": 3, "max_attempts": 3, "error_message": "Mock failure 3"}
{"timestamp": "2025-11-30T22:19:43.953609Z", "level": "ERROR", "logger": "agent_orchestration", "message": "Agent execution failed after all retries", "agent_name": "mock_agent", "taskName": null, "total_attempts": 3, "final_error": "Mock failure 3"}
{"timestamp": "2025-11-30T22:19:43.993766Z", "level": "ERROR", "logger": "agent_orchestration", "message": "Agent execution failed", "exception": "Traceback (most recent call last):\n  File \"D:\\project_8\\kasparro-agentic-fb-analyst-neelesh-gadi\\src\\agents\\__init__.py\", line 120, in execute_with_retry\n    result = agent_func(input_data)\n  File \"D:\\project_8\\kasparro-agentic-fb-analyst-neelesh-gadi\\tests\\test_properties_orchestration.py\", line 38, in execute\n    raise RuntimeError(f\"Mock failure {self.execution_count}\")\nRuntimeError: Mock failure 1", "agent_name": "mock_agent", "error_type": "RuntimeError", "taskName": null, "attempt": 1, "max_attempts": 4, "error_message": "Mock failure 1"}
{"timestamp": "2025-11-30T22:19:44.009232Z", "level": "ERROR", "logger": "agent_orchestration", "message": "Agent execution failed", "exception": "Traceback (most recent call last):\n  File \"D:\\project_8\\kasparro-agentic-fb-analyst-neelesh-gadi\\src\\agents\\__init__.py\", line 120, in execute_with_retry\n    result = agent_func(input_data)\n  File \"D:\\project_8\\kasparro-agentic-fb-analyst-neelesh-gadi\\tests\\test_properties_orchestration.py\", line 38, in execute\n    raise RuntimeError(f\"Mock failure {self.execution_count}\")\nRuntimeError: Mock failure 2", "agent_name": "mock_agent", "error_type": "RuntimeError", "taskName": null, "attempt": 2, "max_attempts": 4, "error_message": "Mock failure 2"}
{"timestamp": "2025-11-30T22:19:44.026428Z", "level": "ERROR", "logger": "agent_orchestration", "message": "Agent execution failed", "exception": "Traceback (most recent call last):\n  File \"D:\\project_8\\kasparro-agentic-fb-analyst-neelesh-gadi\\src\\agents\\__init__.py\", line 120, in execute_with_retry\n    result = agent_func(input_data)\n  File \"D:\\project_8\\kasparro-agentic-fb-analyst-neelesh-gadi\\tests\\test_properties_orchestration.py\", line 38, in execute\n    raise RuntimeError(f\"Mock failure {self.execution_count}\")\nRuntimeError: Mock failure 3", "agent_name": "mock_agent", "error_type": "RuntimeError", "taskName": null, "attempt": 3, "max_attempts": 4, "error_message": "Mock failure 3"}
{"timestamp": "2025-11-30T22:19:44.045915Z", "level": "ERROR", "logger": "agent_orchestration", "message": "Agent execution failed", "exception": "Traceback (most recent call last):\n  File \"D:\\project_8\\kasparro-agentic-fb-analyst-neelesh-gadi\\src\\agents\\__init__.py\", line 120, in execute_with_retry\n    result = agent_func(input_data)\n  File \"D:\\project_8\\kasparro-agentic-fb-analyst-neelesh-gadi\\tests\\test_properties_orchestration.py\", line 38, in execute\n    raise RuntimeError(f\"Mock failure {self.execution_count}\")\nRuntimeError: Mock failure 4", "agent_name": "mock_agent", "error_type": "RuntimeError", "taskName": null, "attempt": 4, "max_attempts": 4, "error_message": "Mock failure 4"}
{"timestamp": "2025-11-30T22:19:44.052344Z", "level": "ERROR", "logger": "agent_orchestration", "message": "Agent execution failed after all retries", "agent_name": "mock_agent", "taskName": null, "total_attempts": 4, "final_error": "Mock failure 4"}
