{"timestamp": "2025-11-30T16:33:43.143245Z", "level": "ERROR", "logger": "data_agent", "message": "Data Agent execution failed: Missing required fields in dataset", "exception": "Traceback (most recent call last):\n  File \"D:\\project_8\\kasparro-agentic-fb-analyst-neelesh-gadi\\src\\agents\\data_agent.py\", line 79, in execute\n    df, data_quality_issues = self._load_and_validate_dataset(dataset_path)\n  File \"D:\\project_8\\kasparro-agentic-fb-analyst-neelesh-gadi\\src\\agents\\data_agent.py\", line 165, in _load_and_validate_dataset\n    raise ValidationError(\nsrc.schemas.validation.ValidationError: Missing required fields in dataset", "agent_name": "data_agent", "error_type": "ValidationError"}
{"timestamp": "2025-11-30T16:33:43.408880Z", "level": "ERROR", "logger": "data_agent", "message": "Data Agent execution failed: Missing required fields in dataset", "exception": "Traceback (most recent call last):\n  File \"D:\\project_8\\kasparro-agentic-fb-analyst-neelesh-gadi\\src\\agents\\data_agent.py\", line 79, in execute\n    df, data_quality_issues = self._load_and_validate_dataset(dataset_path)\n  File \"D:\\project_8\\kasparro-agentic-fb-analyst-neelesh-gadi\\src\\agents\\data_agent.py\", line 165, in _load_and_validate_dataset\n    raise ValidationError(\nsrc.schemas.validation.ValidationError: Missing required fields in dataset", "agent_name": "data_agent", "error_type": "ValidationError"}
{"timestamp": "2025-11-30T16:33:43.506648Z", "level": "ERROR", "logger": "data_agent", "message": "Data Agent execution failed: Missing required fields in dataset", "exception": "Traceback (most recent call last):\n  File \"D:\\project_8\\kasparro-agentic-fb-analyst-neelesh-gadi\\src\\agents\\data_agent.py\", line 79, in execute\n    df, data_quality_issues = self._load_and_validate_dataset(dataset_path)\n  File \"D:\\project_8\\kasparro-agentic-fb-analyst-neelesh-gadi\\src\\agents\\data_agent.py\", line 165, in _load_and_validate_dataset\n    raise ValidationError(\nsrc.schemas.validation.ValidationError: Missing required fields in dataset", "agent_name": "data_agent", "error_type": "ValidationError"}
{"timestamp": "2025-11-30T16:33:43.630094Z", "level": "ERROR", "logger": "data_agent", "message": "Data Agent execution failed: Missing required fields in dataset", "exception": "Traceback (most recent call last):\n  File \"D:\\project_8\\kasparro-agentic-fb-analyst-neelesh-gadi\\src\\agents\\data_agent.py\", line 79, in execute\n    df, data_quality_issues = self._load_and_validate_dataset(dataset_path)\n  File \"D:\\project_8\\kasparro-agentic-fb-analyst-neelesh-gadi\\src\\agents\\data_agent.py\", line 165, in _load_and_validate_dataset\n    raise ValidationError(\nsrc.schemas.validation.ValidationError: Missing required fields in dataset", "agent_name": "data_agent", "error_type": "ValidationError"}
{"timestamp": "2025-11-30T16:33:43.783776Z", "level": "ERROR", "logger": "data_agent", "message": "Data Agent execution failed: Missing required fields in dataset", "exception": "Traceback (most recent call last):\n  File \"D:\\project_8\\kasparro-agentic-fb-analyst-neelesh-gadi\\src\\agents\\data_agent.py\", line 79, in execute\n    df, data_quality_issues = self._load_and_validate_dataset(dataset_path)\n  File \"D:\\project_8\\kasparro-agentic-fb-analyst-neelesh-gadi\\src\\agents\\data_agent.py\", line 165, in _load_and_validate_dataset\n    raise ValidationError(\nsrc.schemas.validation.ValidationError: Missing required fields in dataset", "agent_name": "data_agent", "error_type": "ValidationError"}
{"timestamp": "2025-11-30T16:33:43.904247Z", "level": "ERROR", "logger": "data_agent", "message": "Data Agent execution failed: Missing required fields in dataset", "exception": "Traceback (most recent call last):\n  File \"D:\\project_8\\kasparro-agentic-fb-analyst-neelesh-gadi\\src\\agents\\data_agent.py\", line 79, in execute\n    df, data_quality_issues = self._load_and_validate_dataset(dataset_path)\n  File \"D:\\project_8\\kasparro-agentic-fb-analyst-neelesh-gadi\\src\\agents\\data_agent.py\", line 165, in _load_and_validate_dataset\n    raise ValidationError(\nsrc.schemas.validation.ValidationError: Missing required fields in dataset", "agent_name": "data_agent", "error_type": "ValidationError"}
{"timestamp": "2025-11-30T16:33:43.959066Z", "level": "ERROR", "logger": "data_agent", "message": "Data Agent execution failed: Missing required fields in dataset", "exception": "Traceback (most recent call last):\n  File \"D:\\project_8\\kasparro-agentic-fb-analyst-neelesh-gadi\\src\\agents\\data_agent.py\", line 79, in execute\n    df, data_quality_issues = self._load_and_validate_dataset(dataset_path)\n  File \"D:\\project_8\\kasparro-agentic-fb-analyst-neelesh-gadi\\src\\agents\\data_agent.py\", line 165, in _load_and_validate_dataset\n    raise ValidationError(\nsrc.schemas.validation.ValidationError: Missing required fields in dataset", "agent_name": "data_agent", "error_type": "ValidationError"}
{"timestamp": "2025-11-30T16:33:44.037589Z", "level": "ERROR", "logger": "data_agent", "message": "Data Agent execution failed: Missing required fields in dataset", "exception": "Traceback (most recent call last):\n  File \"D:\\project_8\\kasparro-agentic-fb-analyst-neelesh-gadi\\src\\agents\\data_agent.py\", line 79, in execute\n    df, data_quality_issues = self._load_and_validate_dataset(dataset_path)\n  File \"D:\\project_8\\kasparro-agentic-fb-analyst-neelesh-gadi\\src\\agents\\data_agent.py\", line 165, in _load_and_validate_dataset\n    raise ValidationError(\nsrc.schemas.validation.ValidationError: Missing required fields in dataset", "agent_name": "data_agent", "error_type": "ValidationError"}
