{"timestamp": "2025-11-30T21:58:26.061892Z", "level": "ERROR", "logger": "agent_orchestration", "message": "Agent execution failed", "exception": "Traceback (most recent call last):\n  File \"D:\\project_8\\kasparro-agentic-fb-analyst-neelesh-gadi\\src\\agents\\__init__.py\", line 120, in execute_with_retry\n    result = agent_func(input_data)\n  File \"D:\\project_8\\kasparro-agentic-fb-analyst-neelesh-gadi\\tests\\test_properties_orchestration.py\", line 38, in execute\n    raise RuntimeError(f\"Mock failure {self.execution_count}\")\nRuntimeError: Mock failure 1", "agent_name": "mock_agent", "error_type": "RuntimeError", "taskName": null, "attempt": 1, "max_attempts": 4, "error_message": "Mock failure 1"}
{"timestamp": "2025-11-30T21:58:26.076244Z", "level": "ERROR", "logger": "agent_orchestration", "message": "Agent execution failed", "exception": "Traceback (most recent call last):\n  File \"D:\\project_8\\kasparro-agentic-fb-analyst-neelesh-gadi\\src\\agents\\__init__.py\", line 120, in execute_with_retry\n    result = agent_func(input_data)\n  File \"D:\\project_8\\kasparro-agentic-fb-analyst-neelesh-gadi\\tests\\test_properties_orchestration.py\", line 38, in execute\n    raise RuntimeError(f\"Mock failure {self.execution_count}\")\nRuntimeError: Mock failure 2", "agent_name": "mock_agent", "error_type": "RuntimeError", "taskName": null, "attempt": 2, "max_attempts": 4, "error_message": "Mock failure 2"}
{"timestamp": "2025-11-30T21:58:26.092984Z", "level": "ERROR", "logger": "agent_orchestration", "message": "Agent execution failed", "exception": "Traceback (most recent call last):\n  File \"D:\\project_8\\kasparro-agentic-fb-analyst-neelesh-gadi\\src\\agents\\__init__.py\", line 120, in execute_with_retry\n    result = agent_func(input_data)\n  File \"D:\\project_8\\kasparro-agentic-fb-analyst-neelesh-gadi\\tests\\test_properties_orchestration.py\", line 38, in execute\n    raise RuntimeError(f\"Mock failure {self.execution_count}\")\nRuntimeError: Mock failure 3", "agent_name": "mock_agent", "error_type": "RuntimeError", "taskName": null, "attempt": 3, "max_attempts": 4, "error_message": "Mock failure 3"}
{"timestamp": "2025-11-30T21:58:26.113012Z", "level": "ERROR", "logger": "agent_orchestration", "message": "Agent execution failed", "exception": "Traceback (most recent call last):\n  File \"D:\\project_8\\kasparro-agentic-fb-analyst-neelesh-gadi\\src\\agents\\__init__.py\", line 120, in execute_with_retry\n    result = agent_func(input_data)\n  File \"D:\\project_8\\kasparro-agentic-fb-analyst-neelesh-gadi\\tests\\test_properties_orchestration.py\", line 38, in execute\n    raise RuntimeError(f\"Mock failure {self.execution_count}\")\nRuntimeError: Mock failure 4", "agent_name": "mock_agent", "error_type": "RuntimeError", "taskName": null, "attempt": 4, "max_attempts": 4, "error_message": "Mock failure 4"}
{"timestamp": "2025-11-30T21:58:26.116275Z", "level": "ERROR", "logger": "agent_orchestration", "message": "Agent execution failed after all retries", "agent_name": "mock_agent", "taskName": null, "total_attempts": 4, "final_error": "Mock failure 4"}
{"timestamp": "2025-11-30T21:58:26.150471Z", "level": "ERROR", "logger": "agent_orchestration", "message": "Agent execution failed", "exception": "Traceback (most recent call last):\n  File \"D:\\project_8\\kasparro-agentic-fb-analyst-neelesh-gadi\\src\\agents\\__init__.py\", line 120, in execute_with_retry\n    result = agent_func(input_data)\n  File \"D:\\project_8\\kasparro-agentic-fb-analyst-neelesh-gadi\\tests\\test_properties_orchestration.py\", line 38, in execute\n    raise RuntimeError(f\"Mock failure {self.execution_count}\")\nRuntimeError: Mock failure 1", "agent_name": "mock_agent", "error_type": "RuntimeError", "taskName": null, "attempt": 1, "max_attempts": 5, "error_message": "Mock failure 1"}
{"timestamp": "2025-11-30T21:58:26.167043Z", "level": "ERROR", "logger": "agent_orchestration", "message": "Agent execution failed", "exception": "Traceback (most recent call last):\n  File \"D:\\project_8\\kasparro-agentic-fb-analyst-neelesh-gadi\\src\\agents\\__init__.py\", line 120, in execute_with_retry\n    result = agent_func(input_data)\n  File \"D:\\project_8\\kasparro-agentic-fb-analyst-neelesh-gadi\\tests\\test_properties_orchestration.py\", line 38, in execute\n    raise RuntimeError(f\"Mock failure {self.execution_count}\")\nRuntimeError: Mock failure 2", "agent_name": "mock_agent", "error_type": "RuntimeError", "taskName": null, "attempt": 2, "max_attempts": 5, "error_message": "Mock failure 2"}
{"timestamp": "2025-11-30T21:58:26.193401Z", "level": "ERROR", "logger": "agent_orchestration", "message": "Agent execution failed", "exception": "Traceback (most recent call last):\n  File \"D:\\project_8\\kasparro-agentic-fb-analyst-neelesh-gadi\\src\\agents\\__init__.py\", line 120, in execute_with_retry\n    result = agent_func(input_data)\n  File \"D:\\project_8\\kasparro-agentic-fb-analyst-neelesh-gadi\\tests\\test_properties_orchestration.py\", line 38, in execute\n    raise RuntimeError(f\"Mock failure {self.execution_count}\")\nRuntimeError: Mock failure 3", "agent_name": "mock_agent", "error_type": "RuntimeError", "taskName": null, "attempt": 3, "max_attempts": 5, "error_message": "Mock failure 3"}
{"timestamp": "2025-11-30T21:58:26.237485Z", "level": "ERROR", "logger": "agent_orchestration", "message": "Agent execution failed", "exception": "Traceback (most recent call last):\n  File \"D:\\project_8\\kasparro-agentic-fb-analyst-neelesh-gadi\\src\\agents\\__init__.py\", line 120, in execute_with_retry\n    result = agent_func(input_data)\n  File \"D:\\project_8\\kasparro-agentic-fb-analyst-neelesh-gadi\\tests\\test_properties_orchestration.py\", line 38, in execute\n    raise RuntimeError(f\"Mock failure {self.execution_count}\")\nRuntimeError: Mock failure 4", "agent_name": "mock_agent", "error_type": "RuntimeError", "taskName": null, "attempt": 4, "max_attempts": 5, "error_message": "Mock failure 4"}
{"timestamp": "2025-11-30T21:58:26.322986Z", "level": "ERROR", "logger": "agent_orchestration", "message": "Agent execution failed", "exception": "Traceback (most recent call last):\n  File \"D:\\project_8\\kasparro-agentic-fb-analyst-neelesh-gadi\\src\\agents\\__init__.py\", line 120, in execute_with_retry\n    result = agent_func(input_data)\n  File \"D:\\project_8\\kasparro-agentic-fb-analyst-neelesh-gadi\\tests\\test_properties_orchestration.py\", line 38, in execute\n    raise RuntimeError(f\"Mock failure {self.execution_count}\")\nRuntimeError: Mock failure 5", "agent_name": "mock_agent", "error_type": "RuntimeError", "taskName": null, "attempt": 5, "max_attempts": 5, "error_message": "Mock failure 5"}
{"timestamp": "2025-11-30T21:58:26.326873Z", "level": "ERROR", "logger": "agent_orchestration", "message": "Agent execution failed after all retries", "agent_name": "mock_agent", "taskName": null, "total_attempts": 5, "final_error": "Mock failure 5"}
{"timestamp": "2025-11-30T21:58:26.362759Z", "level": "ERROR", "logger": "agent_orchestration", "message": "Agent execution failed", "exception": "Traceback (most recent call last):\n  File \"D:\\project_8\\kasparro-agentic-fb-analyst-neelesh-gadi\\src\\agents\\__init__.py\", line 120, in execute_with_retry\n    result = agent_func(input_data)\n  File \"D:\\project_8\\kasparro-agentic-fb-analyst-neelesh-gadi\\tests\\test_properties_orchestration.py\", line 38, in execute\n    raise RuntimeError(f\"Mock failure {self.execution_count}\")\nRuntimeError: Mock failure 1", "agent_name": "mock_agent", "error_type": "RuntimeError", "taskName": null, "attempt": 1, "max_attempts": 6, "error_message": "Mock failure 1"}
{"timestamp": "2025-11-30T21:58:26.376608Z", "level": "ERROR", "logger": "agent_orchestration", "message": "Agent execution failed", "exception": "Traceback (most recent call last):\n  File \"D:\\project_8\\kasparro-agentic-fb-analyst-neelesh-gadi\\src\\agents\\__init__.py\", line 120, in execute_with_retry\n    result = agent_func(input_data)\n  File \"D:\\project_8\\kasparro-agentic-fb-analyst-neelesh-gadi\\tests\\test_properties_orchestration.py\", line 38, in execute\n    raise RuntimeError(f\"Mock failure {self.execution_count}\")\nRuntimeError: Mock failure 2", "agent_name": "mock_agent", "error_type": "RuntimeError", "taskName": null, "attempt": 2, "max_attempts": 6, "error_message": "Mock failure 2"}
{"timestamp": "2025-11-30T21:58:26.390461Z", "level": "ERROR", "logger": "agent_orchestration", "message": "Agent execution failed", "exception": "Traceback (most recent call last):\n  File \"D:\\project_8\\kasparro-agentic-fb-analyst-neelesh-gadi\\src\\agents\\__init__.py\", line 120, in execute_with_retry\n    result = agent_func(input_data)\n  File \"D:\\project_8\\kasparro-agentic-fb-analyst-neelesh-gadi\\tests\\test_properties_orchestration.py\", line 38, in execute\n    raise RuntimeError(f\"Mock failure {self.execution_count}\")\nRuntimeError: Mock failure 3", "agent_name": "mock_agent", "error_type": "RuntimeError", "taskName": null, "attempt": 3, "max_attempts": 6, "error_message": "Mock failure 3"}
{"timestamp": "2025-11-30T21:58:26.404979Z", "level": "ERROR", "logger": "agent_orchestration", "message": "Agent execution failed", "exception": "Traceback (most recent call last):\n  File \"D:\\project_8\\kasparro-agentic-fb-analyst-neelesh-gadi\\src\\agents\\__init__.py\", line 120, in execute_with_retry\n    result = agent_func(input_data)\n  File \"D:\\project_8\\kasparro-agentic-fb-analyst-neelesh-gadi\\tests\\test_properties_orchestration.py\", line 38, in execute\n    raise RuntimeError(f\"Mock failure {self.execution_count}\")\nRuntimeError: Mock failure 4", "agent_name": "mock_agent", "error_type": "RuntimeError", "taskName": null, "attempt": 4, "max_attempts": 6, "error_message": "Mock failure 4"}
{"timestamp": "2025-11-30T21:58:26.420318Z", "level": "ERROR", "logger": "agent_orchestration", "message": "Agent execution failed", "exception": "Traceback (most recent call last):\n  File \"D:\\project_8\\kasparro-agentic-fb-analyst-neelesh-gadi\\src\\agents\\__init__.py\", line 120, in execute_with_retry\n    result = agent_func(input_data)\n  File \"D:\\project_8\\kasparro-agentic-fb-analyst-neelesh-gadi\\tests\\test_properties_orchestration.py\", line 38, in execute\n    raise RuntimeError(f\"Mock failure {self.execution_count}\")\nRuntimeError: Mock failure 5", "agent_name": "mock_agent", "error_type": "RuntimeError", "taskName": null, "attempt": 5, "max_attempts": 6, "error_message": "Mock failure 5"}
{"timestamp": "2025-11-30T21:58:26.437092Z", "level": "ERROR", "logger": "agent_orchestration", "message": "Agent execution failed", "exception": "Traceback (most recent call last):\n  File \"D:\\project_8\\kasparro-agentic-fb-analyst-neelesh-gadi\\src\\agents\\__init__.py\", line 120, in execute_with_retry\n    result = agent_func(input_data)\n  File \"D:\\project_8\\kasparro-agentic-fb-analyst-neelesh-gadi\\tests\\test_properties_orchestration.py\", line 38, in execute\n    raise RuntimeError(f\"Mock failure {self.execution_count}\")\nRuntimeError: Mock failure 6", "agent_name": "mock_agent", "error_type": "RuntimeError", "taskName": null, "attempt": 6, "max_attempts": 6, "error_message": "Mock failure 6"}
{"timestamp": "2025-11-30T21:58:26.442404Z", "level": "ERROR", "logger": "agent_orchestration", "message": "Agent execution failed after all retries", "agent_name": "mock_agent", "taskName": null, "total_attempts": 6, "final_error": "Mock failure 6"}
{"timestamp": "2025-11-30T21:58:26.478532Z", "level": "ERROR", "logger": "agent_orchestration", "message": "Agent execution failed", "exception": "Traceback (most recent call last):\n  File \"D:\\project_8\\kasparro-agentic-fb-analyst-neelesh-gadi\\src\\agents\\__init__.py\", line 120, in execute_with_retry\n    result = agent_func(input_data)\n  File \"D:\\project_8\\kasparro-agentic-fb-analyst-neelesh-gadi\\tests\\test_properties_orchestration.py\", line 38, in execute\n    raise RuntimeError(f\"Mock failure {self.execution_count}\")\nRuntimeError: Mock failure 1", "agent_name": "mock_agent", "error_type": "RuntimeError", "taskName": null, "attempt": 1, "max_attempts": 3, "error_message": "Mock failure 1"}
{"timestamp": "2025-11-30T21:58:26.492615Z", "level": "ERROR", "logger": "agent_orchestration", "message": "Agent execution failed", "exception": "Traceback (most recent call last):\n  File \"D:\\project_8\\kasparro-agentic-fb-analyst-neelesh-gadi\\src\\agents\\__init__.py\", line 120, in execute_with_retry\n    result = agent_func(input_data)\n  File \"D:\\project_8\\kasparro-agentic-fb-analyst-neelesh-gadi\\tests\\test_properties_orchestration.py\", line 38, in execute\n    raise RuntimeError(f\"Mock failure {self.execution_count}\")\nRuntimeError: Mock failure 2", "agent_name": "mock_agent", "error_type": "RuntimeError", "taskName": null, "attempt": 2, "max_attempts": 3, "error_message": "Mock failure 2"}
{"timestamp": "2025-11-30T21:58:26.509245Z", "level": "ERROR", "logger": "agent_orchestration", "message": "Agent execution failed", "exception": "Traceback (most recent call last):\n  File \"D:\\project_8\\kasparro-agentic-fb-analyst-neelesh-gadi\\src\\agents\\__init__.py\", line 120, in execute_with_retry\n    result = agent_func(input_data)\n  File \"D:\\project_8\\kasparro-agentic-fb-analyst-neelesh-gadi\\tests\\test_properties_orchestration.py\", line 38, in execute\n    raise RuntimeError(f\"Mock failure {self.execution_count}\")\nRuntimeError: Mock failure 3", "agent_name": "mock_agent", "error_type": "RuntimeError", "taskName": null, "attempt": 3, "max_attempts": 3, "error_message": "Mock failure 3"}
{"timestamp": "2025-11-30T21:58:26.512797Z", "level": "ERROR", "logger": "agent_orchestration", "message": "Agent execution failed after all retries", "agent_name": "mock_agent", "taskName": null, "total_attempts": 3, "final_error": "Mock failure 3"}
{"timestamp": "2025-11-30T21:58:26.543012Z", "level": "ERROR", "logger": "agent_orchestration", "message": "Agent execution failed", "exception": "Traceback (most recent call last):\n  File \"D:\\project_8\\kasparro-agentic-fb-analyst-neelesh-gadi\\src\\agents\\__init__.py\", line 120, in execute_with_retry\n    result = agent_func(input_data)\n  File \"D:\\project_8\\kasparro-agentic-fb-analyst-neelesh-gadi\\tests\\test_properties_orchestration.py\", line 38, in execute\n    raise RuntimeError(f\"Mock failure {self.execution_count}\")\nRuntimeError: Mock failure 1", "agent_name": "mock_agent", "error_type": "RuntimeError", "taskName": null, "attempt": 1, "max_attempts": 1, "error_message": "Mock failure 1"}
{"timestamp": "2025-11-30T21:58:26.546382Z", "level": "ERROR", "logger": "agent_orchestration", "message": "Agent execution failed after all retries", "agent_name": "mock_agent", "taskName": null, "total_attempts": 1, "final_error": "Mock failure 1"}
{"timestamp": "2025-11-30T21:58:26.576284Z", "level": "ERROR", "logger": "agent_orchestration", "message": "Agent execution failed", "exception": "Traceback (most recent call last):\n  File \"D:\\project_8\\kasparro-agentic-fb-analyst-neelesh-gadi\\src\\agents\\__init__.py\", line 120, in execute_with_retry\n    result = agent_func(input_data)\n  File \"D:\\project_8\\kasparro-agentic-fb-analyst-neelesh-gadi\\tests\\test_properties_orchestration.py\", line 38, in execute\n    raise RuntimeError(f\"Mock failure {self.execution_count}\")\nRuntimeError: Mock failure 1", "agent_name": "mock_agent", "error_type": "RuntimeError", "taskName": null, "attempt": 1, "max_attempts": 2, "error_message": "Mock failure 1"}
{"timestamp": "2025-11-30T21:58:26.588934Z", "level": "ERROR", "logger": "agent_orchestration", "message": "Agent execution failed", "exception": "Traceback (most recent call last):\n  File \"D:\\project_8\\kasparro-agentic-fb-analyst-neelesh-gadi\\src\\agents\\__init__.py\", line 120, in execute_with_retry\n    result = agent_func(input_data)\n  File \"D:\\project_8\\kasparro-agentic-fb-analyst-neelesh-gadi\\tests\\test_properties_orchestration.py\", line 38, in execute\n    raise RuntimeError(f\"Mock failure {self.execution_count}\")\nRuntimeError: Mock failure 2", "agent_name": "mock_agent", "error_type": "RuntimeError", "taskName": null, "attempt": 2, "max_attempts": 2, "error_message": "Mock failure 2"}
{"timestamp": "2025-11-30T21:58:26.592700Z", "level": "ERROR", "logger": "agent_orchestration", "message": "Agent execution failed after all retries", "agent_name": "mock_agent", "taskName": null, "total_attempts": 2, "final_error": "Mock failure 2"}
{"timestamp": "2025-11-30T21:58:26.629937Z", "level": "ERROR", "logger": "agent_orchestration", "message": "Agent execution failed", "exception": "Traceback (most recent call last):\n  File \"D:\\project_8\\kasparro-agentic-fb-analyst-neelesh-gadi\\src\\agents\\__init__.py\", line 120, in execute_with_retry\n    result = agent_func(input_data)\n  File \"D:\\project_8\\kasparro-agentic-fb-analyst-neelesh-gadi\\tests\\test_properties_orchestration.py\", line 38, in execute\n    raise RuntimeError(f\"Mock failure {self.execution_count}\")\nRuntimeError: Mock failure 1", "agent_name": "mock_agent", "error_type": "RuntimeError", "taskName": null, "attempt": 1, "max_attempts": 6, "error_message": "Mock failure 1"}
{"timestamp": "2025-11-30T21:58:26.644007Z", "level": "ERROR", "logger": "agent_orchestration", "message": "Agent execution failed", "exception": "Traceback (most recent call last):\n  File \"D:\\project_8\\kasparro-agentic-fb-analyst-neelesh-gadi\\src\\agents\\__init__.py\", line 120, in execute_with_retry\n    result = agent_func(input_data)\n  File \"D:\\project_8\\kasparro-agentic-fb-analyst-neelesh-gadi\\tests\\test_properties_orchestration.py\", line 38, in execute\n    raise RuntimeError(f\"Mock failure {self.execution_count}\")\nRuntimeError: Mock failure 2", "agent_name": "mock_agent", "error_type": "RuntimeError", "taskName": null, "attempt": 2, "max_attempts": 6, "error_message": "Mock failure 2"}
{"timestamp": "2025-11-30T21:58:26.665279Z", "level": "ERROR", "logger": "agent_orchestration", "message": "Agent execution failed", "exception": "Traceback (most recent call last):\n  File \"D:\\project_8\\kasparro-agentic-fb-analyst-neelesh-gadi\\src\\agents\\__init__.py\", line 120, in execute_with_retry\n    result = agent_func(input_data)\n  File \"D:\\project_8\\kasparro-agentic-fb-analyst-neelesh-gadi\\tests\\test_properties_orchestration.py\", line 38, in execute\n    raise RuntimeError(f\"Mock failure {self.execution_count}\")\nRuntimeError: Mock failure 3", "agent_name": "mock_agent", "error_type": "RuntimeError", "taskName": null, "attempt": 3, "max_attempts": 6, "error_message": "Mock failure 3"}
{"timestamp": "2025-11-30T21:58:26.699852Z", "level": "ERROR", "logger": "agent_orchestration", "message": "Agent execution failed", "exception": "Traceback (most recent call last):\n  File \"D:\\project_8\\kasparro-agentic-fb-analyst-neelesh-gadi\\src\\agents\\__init__.py\", line 120, in execute_with_retry\n    result = agent_func(input_data)\n  File \"D:\\project_8\\kasparro-agentic-fb-analyst-neelesh-gadi\\tests\\test_properties_orchestration.py\", line 38, in execute\n    raise RuntimeError(f\"Mock failure {self.execution_count}\")\nRuntimeError: Mock failure 4", "agent_name": "mock_agent", "error_type": "RuntimeError", "taskName": null, "attempt": 4, "max_attempts": 6, "error_message": "Mock failure 4"}
{"timestamp": "2025-11-30T21:58:26.756552Z", "level": "ERROR", "logger": "agent_orchestration", "message": "Agent execution failed", "exception": "Traceback (most recent call last):\n  File \"D:\\project_8\\kasparro-agentic-fb-analyst-neelesh-gadi\\src\\agents\\__init__.py\", line 120, in execute_with_retry\n    result = agent_func(input_data)\n  File \"D:\\project_8\\kasparro-agentic-fb-analyst-neelesh-gadi\\tests\\test_properties_orchestration.py\", line 38, in execute\n    raise RuntimeError(f\"Mock failure {self.execution_count}\")\nRuntimeError: Mock failure 5", "agent_name": "mock_agent", "error_type": "RuntimeError", "taskName": null, "attempt": 5, "max_attempts": 6, "error_message": "Mock failure 5"}
{"timestamp": "2025-11-30T21:58:26.849217Z", "level": "ERROR", "logger": "agent_orchestration", "message": "Agent execution failed", "exception": "Traceback (most recent call last):\n  File \"D:\\project_8\\kasparro-agentic-fb-analyst-neelesh-gadi\\src\\agents\\__init__.py\", line 120, in execute_with_retry\n    result = agent_func(input_data)\n  File \"D:\\project_8\\kasparro-agentic-fb-analyst-neelesh-gadi\\tests\\test_properties_orchestration.py\", line 38, in execute\n    raise RuntimeError(f\"Mock failure {self.execution_count}\")\nRuntimeError: Mock failure 6", "agent_name": "mock_agent", "error_type": "RuntimeError", "taskName": null, "attempt": 6, "max_attempts": 6, "error_message": "Mock failure 6"}
{"timestamp": "2025-11-30T21:58:26.855247Z", "level": "ERROR", "logger": "agent_orchestration", "message": "Agent execution failed after all retries", "agent_name": "mock_agent", "taskName": null, "total_attempts": 6, "final_error": "Mock failure 6"}
{"timestamp": "2025-11-30T21:58:26.894194Z", "level": "ERROR", "logger": "agent_orchestration", "message": "Agent execution failed", "exception": "Traceback (most recent call last):\n  File \"D:\\project_8\\kasparro-agentic-fb-analyst-neelesh-gadi\\src\\agents\\__init__.py\", line 120, in execute_with_retry\n    result = agent_func(input_data)\n  File \"D:\\project_8\\kasparro-agentic-fb-analyst-neelesh-gadi\\tests\\test_properties_orchestration.py\", line 38, in execute\n    raise RuntimeError(f\"Mock failure {self.execution_count}\")\nRuntimeError: Mock failure 1", "agent_name": "mock_agent", "error_type": "RuntimeError", "taskName": null, "attempt": 1, "max_attempts": 2, "error_message": "Mock failure 1"}
{"timestamp": "2025-11-30T21:58:26.908316Z", "level": "ERROR", "logger": "agent_orchestration", "message": "Agent execution failed", "exception": "Traceback (most recent call last):\n  File \"D:\\project_8\\kasparro-agentic-fb-analyst-neelesh-gadi\\src\\agents\\__init__.py\", line 120, in execute_with_retry\n    result = agent_func(input_data)\n  File \"D:\\project_8\\kasparro-agentic-fb-analyst-neelesh-gadi\\tests\\test_properties_orchestration.py\", line 38, in execute\n    raise RuntimeError(f\"Mock failure {self.execution_count}\")\nRuntimeError: Mock failure 2", "agent_name": "mock_agent", "error_type": "RuntimeError", "taskName": null, "attempt": 2, "max_attempts": 2, "error_message": "Mock failure 2"}
{"timestamp": "2025-11-30T21:58:26.911932Z", "level": "ERROR", "logger": "agent_orchestration", "message": "Agent execution failed after all retries", "agent_name": "mock_agent", "taskName": null, "total_attempts": 2, "final_error": "Mock failure 2"}
{"timestamp": "2025-11-30T21:58:26.947607Z", "level": "ERROR", "logger": "agent_orchestration", "message": "Agent execution failed", "exception": "Traceback (most recent call last):\n  File \"D:\\project_8\\kasparro-agentic-fb-analyst-neelesh-gadi\\src\\agents\\__init__.py\", line 120, in execute_with_retry\n    result = agent_func(input_data)\n  File \"D:\\project_8\\kasparro-agentic-fb-analyst-neelesh-gadi\\tests\\test_properties_orchestration.py\", line 38, in execute\n    raise RuntimeError(f\"Mock failure {self.execution_count}\")\nRuntimeError: Mock failure 1", "agent_name": "mock_agent", "error_type": "RuntimeError", "taskName": null, "attempt": 1, "max_attempts": 5, "error_message": "Mock failure 1"}
{"timestamp": "2025-11-30T21:58:26.961573Z", "level": "ERROR", "logger": "agent_orchestration", "message": "Agent execution failed", "exception": "Traceback (most recent call last):\n  File \"D:\\project_8\\kasparro-agentic-fb-analyst-neelesh-gadi\\src\\agents\\__init__.py\", line 120, in execute_with_retry\n    result = agent_func(input_data)\n  File \"D:\\project_8\\kasparro-agentic-fb-analyst-neelesh-gadi\\tests\\test_properties_orchestration.py\", line 38, in execute\n    raise RuntimeError(f\"Mock failure {self.execution_count}\")\nRuntimeError: Mock failure 2", "agent_name": "mock_agent", "error_type": "RuntimeError", "taskName": null, "attempt": 2, "max_attempts": 5, "error_message": "Mock failure 2"}
{"timestamp": "2025-11-30T21:58:26.983891Z", "level": "ERROR", "logger": "agent_orchestration", "message": "Agent execution failed", "exception": "Traceback (most recent call last):\n  File \"D:\\project_8\\kasparro-agentic-fb-analyst-neelesh-gadi\\src\\agents\\__init__.py\", line 120, in execute_with_retry\n    result = agent_func(input_data)\n  File \"D:\\project_8\\kasparro-agentic-fb-analyst-neelesh-gadi\\tests\\test_properties_orchestration.py\", line 38, in execute\n    raise RuntimeError(f\"Mock failure {self.execution_count}\")\nRuntimeError: Mock failure 3", "agent_name": "mock_agent", "error_type": "RuntimeError", "taskName": null, "attempt": 3, "max_attempts": 5, "error_message": "Mock failure 3"}
{"timestamp": "2025-11-30T21:58:27.023492Z", "level": "ERROR", "logger": "agent_orchestration", "message": "Agent execution failed", "exception": "Traceback (most recent call last):\n  File \"D:\\project_8\\kasparro-agentic-fb-analyst-neelesh-gadi\\src\\agents\\__init__.py\", line 120, in execute_with_retry\n    result = agent_func(input_data)\n  File \"D:\\project_8\\kasparro-agentic-fb-analyst-neelesh-gadi\\tests\\test_properties_orchestration.py\", line 38, in execute\n    raise RuntimeError(f\"Mock failure {self.execution_count}\")\nRuntimeError: Mock failure 4", "agent_name": "mock_agent", "error_type": "RuntimeError", "taskName": null, "attempt": 4, "max_attempts": 5, "error_message": "Mock failure 4"}
{"timestamp": "2025-11-30T21:58:27.089183Z", "level": "ERROR", "logger": "agent_orchestration", "message": "Agent execution failed", "exception": "Traceback (most recent call last):\n  File \"D:\\project_8\\kasparro-agentic-fb-analyst-neelesh-gadi\\src\\agents\\__init__.py\", line 120, in execute_with_retry\n    result = agent_func(input_data)\n  File \"D:\\project_8\\kasparro-agentic-fb-analyst-neelesh-gadi\\tests\\test_properties_orchestration.py\", line 38, in execute\n    raise RuntimeError(f\"Mock failure {self.execution_count}\")\nRuntimeError: Mock failure 5", "agent_name": "mock_agent", "error_type": "RuntimeError", "taskName": null, "attempt": 5, "max_attempts": 5, "error_message": "Mock failure 5"}
{"timestamp": "2025-11-30T21:58:27.092977Z", "level": "ERROR", "logger": "agent_orchestration", "message": "Agent execution failed after all retries", "agent_name": "mock_agent", "taskName": null, "total_attempts": 5, "final_error": "Mock failure 5"}
