{"timestamp": "2025-11-30T15:56:48.027237Z", "level": "ERROR", "logger": "data_agent", "message": "Data Agent execution failed: Missing required fields in dataset", "exception": "Traceback (most recent call last):\n  File \"D:\\project_8\\kasparro-agentic-fb-analyst-neelesh-gadi\\src\\agents\\data_agent.py\", line 79, in execute\n    df, data_quality_issues = self._load_and_validate_dataset(dataset_path)\n  File \"D:\\project_8\\kasparro-agentic-fb-analyst-neelesh-gadi\\src\\agents\\data_agent.py\", line 165, in _load_and_validate_dataset\n    raise ValidationError(\nsrc.schemas.validation.ValidationError: Missing required fields in dataset", "agent_name": "data_agent", "error_type": "ValidationError"}
{"timestamp": "2025-11-30T15:56:48.101584Z", "level": "ERROR", "logger": "data_agent", "message": "Data Agent execution failed: Missing required fields in dataset", "exception": "Traceback (most recent call last):\n  File \"D:\\project_8\\kasparro-agentic-fb-analyst-neelesh-gadi\\src\\agents\\data_agent.py\", line 79, in execute\n    df, data_quality_issues = self._load_and_validate_dataset(dataset_path)\n  File \"D:\\project_8\\kasparro-agentic-fb-analyst-neelesh-gadi\\src\\agents\\data_agent.py\", line 165, in _load_and_validate_dataset\n    raise ValidationError(\nsrc.schemas.validation.ValidationError: Missing required fields in dataset", "agent_name": "data_agent", "error_type": "ValidationError"}
{"timestamp": "2025-11-30T15:56:48.185801Z", "level": "ERROR", "logger": "data_agent", "message": "Data Agent execution failed: Missing required fields in dataset", "exception": "Traceback (most recent call last):\n  File \"D:\\project_8\\kasparro-agentic-fb-analyst-neelesh-gadi\\src\\agents\\data_agent.py\", line 79, in execute\n    df, data_quality_issues = self._load_and_validate_dataset(dataset_path)\n  File \"D:\\project_8\\kasparro-agentic-fb-analyst-neelesh-gadi\\src\\agents\\data_agent.py\", line 165, in _load_and_validate_dataset\n    raise ValidationError(\nsrc.schemas.validation.ValidationError: Missing required fields in dataset", "agent_name": "data_agent", "error_type": "ValidationError"}
{"timestamp": "2025-11-30T15:56:48.291808Z", "level": "ERROR", "logger": "data_agent", "message": "Data Agent execution failed: Missing required fields in dataset", "exception": "Traceback (most recent call last):\n  File \"D:\\project_8\\kasparro-agentic-fb-analyst-neelesh-gadi\\src\\agents\\data_agent.py\", line 79, in execute\n    df, data_quality_issues = self._load_and_validate_dataset(dataset_path)\n  File \"D:\\project_8\\kasparro-agentic-fb-analyst-neelesh-gadi\\src\\agents\\data_agent.py\", line 165, in _load_and_validate_dataset\n    raise ValidationError(\nsrc.schemas.validation.ValidationError: Missing required fields in dataset", "agent_name": "data_agent", "error_type": "ValidationError"}
{"timestamp": "2025-11-30T15:56:48.385765Z", "level": "ERROR", "logger": "data_agent", "message": "Data Agent execution failed: Missing required fields in dataset", "exception": "Traceback (most recent call last):\n  File \"D:\\project_8\\kasparro-agentic-fb-analyst-neelesh-gadi\\src\\agents\\data_agent.py\", line 79, in execute\n    df, data_quality_issues = self._load_and_validate_dataset(dataset_path)\n  File \"D:\\project_8\\kasparro-agentic-fb-analyst-neelesh-gadi\\src\\agents\\data_agent.py\", line 165, in _load_and_validate_dataset\n    raise ValidationError(\nsrc.schemas.validation.ValidationError: Missing required fields in dataset", "agent_name": "data_agent", "error_type": "ValidationError"}
{"timestamp": "2025-11-30T15:56:48.480188Z", "level": "ERROR", "logger": "data_agent", "message": "Data Agent execution failed: Missing required fields in dataset", "exception": "Traceback (most recent call last):\n  File \"D:\\project_8\\kasparro-agentic-fb-analyst-neelesh-gadi\\src\\agents\\data_agent.py\", line 79, in execute\n    df, data_quality_issues = self._load_and_validate_dataset(dataset_path)\n  File \"D:\\project_8\\kasparro-agentic-fb-analyst-neelesh-gadi\\src\\agents\\data_agent.py\", line 165, in _load_and_validate_dataset\n    raise ValidationError(\nsrc.schemas.validation.ValidationError: Missing required fields in dataset", "agent_name": "data_agent", "error_type": "ValidationError"}
{"timestamp": "2025-11-30T15:56:48.577070Z", "level": "ERROR", "logger": "data_agent", "message": "Data Agent execution failed: Missing required fields in dataset", "exception": "Traceback (most recent call last):\n  File \"D:\\project_8\\kasparro-agentic-fb-analyst-neelesh-gadi\\src\\agents\\data_agent.py\", line 79, in execute\n    df, data_quality_issues = self._load_and_validate_dataset(dataset_path)\n  File \"D:\\project_8\\kasparro-agentic-fb-analyst-neelesh-gadi\\src\\agents\\data_agent.py\", line 165, in _load_and_validate_dataset\n    raise ValidationError(\nsrc.schemas.validation.ValidationError: Missing required fields in dataset", "agent_name": "data_agent", "error_type": "ValidationError"}
{"timestamp": "2025-11-30T15:56:48.656180Z", "level": "ERROR", "logger": "data_agent", "message": "Data Agent execution failed: Missing required fields in dataset", "exception": "Traceback (most recent call last):\n  File \"D:\\project_8\\kasparro-agentic-fb-analyst-neelesh-gadi\\src\\agents\\data_agent.py\", line 79, in execute\n    df, data_quality_issues = self._load_and_validate_dataset(dataset_path)\n  File \"D:\\project_8\\kasparro-agentic-fb-analyst-neelesh-gadi\\src\\agents\\data_agent.py\", line 165, in _load_and_validate_dataset\n    raise ValidationError(\nsrc.schemas.validation.ValidationError: Missing required fields in dataset", "agent_name": "data_agent", "error_type": "ValidationError"}
{"timestamp": "2025-11-30T15:56:48.752630Z", "level": "ERROR", "logger": "data_agent", "message": "Data Agent execution failed: Missing required fields in dataset", "exception": "Traceback (most recent call last):\n  File \"D:\\project_8\\kasparro-agentic-fb-analyst-neelesh-gadi\\src\\agents\\data_agent.py\", line 79, in execute\n    df, data_quality_issues = self._load_and_validate_dataset(dataset_path)\n  File \"D:\\project_8\\kasparro-agentic-fb-analyst-neelesh-gadi\\src\\agents\\data_agent.py\", line 165, in _load_and_validate_dataset\n    raise ValidationError(\nsrc.schemas.validation.ValidationError: Missing required fields in dataset", "agent_name": "data_agent", "error_type": "ValidationError"}
{"timestamp": "2025-11-30T15:56:48.853886Z", "level": "ERROR", "logger": "data_agent", "message": "Data Agent execution failed: Missing required fields in dataset", "exception": "Traceback (most recent call last):\n  File \"D:\\project_8\\kasparro-agentic-fb-analyst-neelesh-gadi\\src\\agents\\data_agent.py\", line 79, in execute\n    df, data_quality_issues = self._load_and_validate_dataset(dataset_path)\n  File \"D:\\project_8\\kasparro-agentic-fb-analyst-neelesh-gadi\\src\\agents\\data_agent.py\", line 165, in _load_and_validate_dataset\n    raise ValidationError(\nsrc.schemas.validation.ValidationError: Missing required fields in dataset", "agent_name": "data_agent", "error_type": "ValidationError"}
{"timestamp": "2025-11-30T15:56:48.926545Z", "level": "ERROR", "logger": "data_agent", "message": "Data Agent execution failed: Missing required fields in dataset", "exception": "Traceback (most recent call last):\n  File \"D:\\project_8\\kasparro-agentic-fb-analyst-neelesh-gadi\\src\\agents\\data_agent.py\", line 79, in execute\n    df, data_quality_issues = self._load_and_validate_dataset(dataset_path)\n  File \"D:\\project_8\\kasparro-agentic-fb-analyst-neelesh-gadi\\src\\agents\\data_agent.py\", line 165, in _load_and_validate_dataset\n    raise ValidationError(\nsrc.schemas.validation.ValidationError: Missing required fields in dataset", "agent_name": "data_agent", "error_type": "ValidationError"}
{"timestamp": "2025-11-30T15:56:49.008352Z", "level": "ERROR", "logger": "data_agent", "message": "Data Agent execution failed: Missing required fields in dataset", "exception": "Traceback (most recent call last):\n  File \"D:\\project_8\\kasparro-agentic-fb-analyst-neelesh-gadi\\src\\agents\\data_agent.py\", line 79, in execute\n    df, data_quality_issues = self._load_and_validate_dataset(dataset_path)\n  File \"D:\\project_8\\kasparro-agentic-fb-analyst-neelesh-gadi\\src\\agents\\data_agent.py\", line 165, in _load_and_validate_dataset\n    raise ValidationError(\nsrc.schemas.validation.ValidationError: Missing required fields in dataset", "agent_name": "data_agent", "error_type": "ValidationError"}
