{"timestamp": "2025-11-30T15:53:55.062198Z", "level": "ERROR", "logger": "data_agent", "message": "Data Agent execution failed: Missing required fields in dataset", "exception": "Traceback (most recent call last):\n  File \"D:\\project_8\\kasparro-agentic-fb-analyst-neelesh-gadi\\src\\agents\\data_agent.py\", line 79, in execute\n    df, data_quality_issues = self._load_and_validate_dataset(dataset_path)\n  File \"D:\\project_8\\kasparro-agentic-fb-analyst-neelesh-gadi\\src\\agents\\data_agent.py\", line 165, in _load_and_validate_dataset\n    raise ValidationError(\nsrc.schemas.validation.ValidationError: Missing required fields in dataset", "agent_name": "data_agent", "error_type": "ValidationError"}
{"timestamp": "2025-11-30T15:53:55.097396Z", "level": "ERROR", "logger": "data_agent", "message": "Data Agent execution failed: Missing required fields in dataset", "exception": "Traceback (most recent call last):\n  File \"D:\\project_8\\kasparro-agentic-fb-analyst-neelesh-gadi\\src\\agents\\data_agent.py\", line 79, in execute\n    df, data_quality_issues = self._load_and_validate_dataset(dataset_path)\n  File \"D:\\project_8\\kasparro-agentic-fb-analyst-neelesh-gadi\\src\\agents\\data_agent.py\", line 165, in _load_and_validate_dataset\n    raise ValidationError(\nsrc.schemas.validation.ValidationError: Missing required fields in dataset", "agent_name": "data_agent", "error_type": "ValidationError"}
{"timestamp": "2025-11-30T15:53:55.129811Z", "level": "ERROR", "logger": "data_agent", "message": "Data Agent execution failed: Missing required fields in dataset", "exception": "Traceback (most recent call last):\n  File \"D:\\project_8\\kasparro-agentic-fb-analyst-neelesh-gadi\\src\\agents\\data_agent.py\", line 79, in execute\n    df, data_quality_issues = self._load_and_validate_dataset(dataset_path)\n  File \"D:\\project_8\\kasparro-agentic-fb-analyst-neelesh-gadi\\src\\agents\\data_agent.py\", line 165, in _load_and_validate_dataset\n    raise ValidationError(\nsrc.schemas.validation.ValidationError: Missing required fields in dataset", "agent_name": "data_agent", "error_type": "ValidationError"}
{"timestamp": "2025-11-30T15:53:55.165310Z", "level": "ERROR", "logger": "data_agent", "message": "Data Agent execution failed: Missing required fields in dataset", "exception": "Traceback (most recent call last):\n  File \"D:\\project_8\\kasparro-agentic-fb-analyst-neelesh-gadi\\src\\agents\\data_agent.py\", line 79, in execute\n    df, data_quality_issues = self._load_and_validate_dataset(dataset_path)\n  File \"D:\\project_8\\kasparro-agentic-fb-analyst-neelesh-gadi\\src\\agents\\data_agent.py\", line 165, in _load_and_validate_dataset\n    raise ValidationError(\nsrc.schemas.validation.ValidationError: Missing required fields in dataset", "agent_name": "data_agent", "error_type": "ValidationError"}
{"timestamp": "2025-11-30T15:53:55.203422Z", "level": "ERROR", "logger": "data_agent", "message": "Data Agent execution failed: Missing required fields in dataset", "exception": "Traceback (most recent call last):\n  File \"D:\\project_8\\kasparro-agentic-fb-analyst-neelesh-gadi\\src\\agents\\data_agent.py\", line 79, in execute\n    df, data_quality_issues = self._load_and_validate_dataset(dataset_path)\n  File \"D:\\project_8\\kasparro-agentic-fb-analyst-neelesh-gadi\\src\\agents\\data_agent.py\", line 165, in _load_and_validate_dataset\n    raise ValidationError(\nsrc.schemas.validation.ValidationError: Missing required fields in dataset", "agent_name": "data_agent", "error_type": "ValidationError"}
{"timestamp": "2025-11-30T15:53:55.235349Z", "level": "ERROR", "logger": "data_agent", "message": "Data Agent execution failed: Missing required fields in dataset", "exception": "Traceback (most recent call last):\n  File \"D:\\project_8\\kasparro-agentic-fb-analyst-neelesh-gadi\\src\\agents\\data_agent.py\", line 79, in execute\n    df, data_quality_issues = self._load_and_validate_dataset(dataset_path)\n  File \"D:\\project_8\\kasparro-agentic-fb-analyst-neelesh-gadi\\src\\agents\\data_agent.py\", line 165, in _load_and_validate_dataset\n    raise ValidationError(\nsrc.schemas.validation.ValidationError: Missing required fields in dataset", "agent_name": "data_agent", "error_type": "ValidationError"}
{"timestamp": "2025-11-30T15:53:55.267574Z", "level": "ERROR", "logger": "data_agent", "message": "Data Agent execution failed: Missing required fields in dataset", "exception": "Traceback (most recent call last):\n  File \"D:\\project_8\\kasparro-agentic-fb-analyst-neelesh-gadi\\src\\agents\\data_agent.py\", line 79, in execute\n    df, data_quality_issues = self._load_and_validate_dataset(dataset_path)\n  File \"D:\\project_8\\kasparro-agentic-fb-analyst-neelesh-gadi\\src\\agents\\data_agent.py\", line 165, in _load_and_validate_dataset\n    raise ValidationError(\nsrc.schemas.validation.ValidationError: Missing required fields in dataset", "agent_name": "data_agent", "error_type": "ValidationError"}
{"timestamp": "2025-11-30T15:53:55.396076Z", "level": "ERROR", "logger": "data_agent", "message": "Data Agent execution failed: Missing required fields in dataset", "exception": "Traceback (most recent call last):\n  File \"D:\\project_8\\kasparro-agentic-fb-analyst-neelesh-gadi\\src\\agents\\data_agent.py\", line 79, in execute\n    df, data_quality_issues = self._load_and_validate_dataset(dataset_path)\n  File \"D:\\project_8\\kasparro-agentic-fb-analyst-neelesh-gadi\\src\\agents\\data_agent.py\", line 165, in _load_and_validate_dataset\n    raise ValidationError(\nsrc.schemas.validation.ValidationError: Missing required fields in dataset", "agent_name": "data_agent", "error_type": "ValidationError"}
{"timestamp": "2025-11-30T15:53:55.454231Z", "level": "ERROR", "logger": "data_agent", "message": "Data Agent execution failed: Missing required fields in dataset", "exception": "Traceback (most recent call last):\n  File \"D:\\project_8\\kasparro-agentic-fb-analyst-neelesh-gadi\\src\\agents\\data_agent.py\", line 79, in execute\n    df, data_quality_issues = self._load_and_validate_dataset(dataset_path)\n  File \"D:\\project_8\\kasparro-agentic-fb-analyst-neelesh-gadi\\src\\agents\\data_agent.py\", line 165, in _load_and_validate_dataset\n    raise ValidationError(\nsrc.schemas.validation.ValidationError: Missing required fields in dataset", "agent_name": "data_agent", "error_type": "ValidationError"}
{"timestamp": "2025-11-30T15:53:55.519999Z", "level": "ERROR", "logger": "data_agent", "message": "Data Agent execution failed: Missing required fields in dataset", "exception": "Traceback (most recent call last):\n  File \"D:\\project_8\\kasparro-agentic-fb-analyst-neelesh-gadi\\src\\agents\\data_agent.py\", line 79, in execute\n    df, data_quality_issues = self._load_and_validate_dataset(dataset_path)\n  File \"D:\\project_8\\kasparro-agentic-fb-analyst-neelesh-gadi\\src\\agents\\data_agent.py\", line 165, in _load_and_validate_dataset\n    raise ValidationError(\nsrc.schemas.validation.ValidationError: Missing required fields in dataset", "agent_name": "data_agent", "error_type": "ValidationError"}
{"timestamp": "2025-11-30T15:53:55.579489Z", "level": "ERROR", "logger": "data_agent", "message": "Data Agent execution failed: Missing required fields in dataset", "exception": "Traceback (most recent call last):\n  File \"D:\\project_8\\kasparro-agentic-fb-analyst-neelesh-gadi\\src\\agents\\data_agent.py\", line 79, in execute\n    df, data_quality_issues = self._load_and_validate_dataset(dataset_path)\n  File \"D:\\project_8\\kasparro-agentic-fb-analyst-neelesh-gadi\\src\\agents\\data_agent.py\", line 165, in _load_and_validate_dataset\n    raise ValidationError(\nsrc.schemas.validation.ValidationError: Missing required fields in dataset", "agent_name": "data_agent", "error_type": "ValidationError"}
{"timestamp": "2025-11-30T15:53:55.626408Z", "level": "ERROR", "logger": "data_agent", "message": "Data Agent execution failed: Missing required fields in dataset", "exception": "Traceback (most recent call last):\n  File \"D:\\project_8\\kasparro-agentic-fb-analyst-neelesh-gadi\\src\\agents\\data_agent.py\", line 79, in execute\n    df, data_quality_issues = self._load_and_validate_dataset(dataset_path)\n  File \"D:\\project_8\\kasparro-agentic-fb-analyst-neelesh-gadi\\src\\agents\\data_agent.py\", line 165, in _load_and_validate_dataset\n    raise ValidationError(\nsrc.schemas.validation.ValidationError: Missing required fields in dataset", "agent_name": "data_agent", "error_type": "ValidationError"}
{"timestamp": "2025-11-30T15:53:55.682538Z", "level": "ERROR", "logger": "data_agent", "message": "Data Agent execution failed: Missing required fields in dataset", "exception": "Traceback (most recent call last):\n  File \"D:\\project_8\\kasparro-agentic-fb-analyst-neelesh-gadi\\src\\agents\\data_agent.py\", line 79, in execute\n    df, data_quality_issues = self._load_and_validate_dataset(dataset_path)\n  File \"D:\\project_8\\kasparro-agentic-fb-analyst-neelesh-gadi\\src\\agents\\data_agent.py\", line 165, in _load_and_validate_dataset\n    raise ValidationError(\nsrc.schemas.validation.ValidationError: Missing required fields in dataset", "agent_name": "data_agent", "error_type": "ValidationError"}
{"timestamp": "2025-11-30T15:53:55.734241Z", "level": "ERROR", "logger": "data_agent", "message": "Data Agent execution failed: Missing required fields in dataset", "exception": "Traceback (most recent call last):\n  File \"D:\\project_8\\kasparro-agentic-fb-analyst-neelesh-gadi\\src\\agents\\data_agent.py\", line 79, in execute\n    df, data_quality_issues = self._load_and_validate_dataset(dataset_path)\n  File \"D:\\project_8\\kasparro-agentic-fb-analyst-neelesh-gadi\\src\\agents\\data_agent.py\", line 165, in _load_and_validate_dataset\n    raise ValidationError(\nsrc.schemas.validation.ValidationError: Missing required fields in dataset", "agent_name": "data_agent", "error_type": "ValidationError"}
{"timestamp": "2025-11-30T15:53:55.787873Z", "level": "ERROR", "logger": "data_agent", "message": "Data Agent execution failed: Missing required fields in dataset", "exception": "Traceback (most recent call last):\n  File \"D:\\project_8\\kasparro-agentic-fb-analyst-neelesh-gadi\\src\\agents\\data_agent.py\", line 79, in execute\n    df, data_quality_issues = self._load_and_validate_dataset(dataset_path)\n  File \"D:\\project_8\\kasparro-agentic-fb-analyst-neelesh-gadi\\src\\agents\\data_agent.py\", line 165, in _load_and_validate_dataset\n    raise ValidationError(\nsrc.schemas.validation.ValidationError: Missing required fields in dataset", "agent_name": "data_agent", "error_type": "ValidationError"}
{"timestamp": "2025-11-30T15:53:55.886536Z", "level": "ERROR", "logger": "data_agent", "message": "Data Agent execution failed: Missing required fields in dataset", "exception": "Traceback (most recent call last):\n  File \"D:\\project_8\\kasparro-agentic-fb-analyst-neelesh-gadi\\src\\agents\\data_agent.py\", line 79, in execute\n    df, data_quality_issues = self._load_and_validate_dataset(dataset_path)\n  File \"D:\\project_8\\kasparro-agentic-fb-analyst-neelesh-gadi\\src\\agents\\data_agent.py\", line 165, in _load_and_validate_dataset\n    raise ValidationError(\nsrc.schemas.validation.ValidationError: Missing required fields in dataset", "agent_name": "data_agent", "error_type": "ValidationError"}
{"timestamp": "2025-11-30T15:53:55.977225Z", "level": "ERROR", "logger": "data_agent", "message": "Data Agent execution failed: Missing required fields in dataset", "exception": "Traceback (most recent call last):\n  File \"D:\\project_8\\kasparro-agentic-fb-analyst-neelesh-gadi\\src\\agents\\data_agent.py\", line 79, in execute\n    df, data_quality_issues = self._load_and_validate_dataset(dataset_path)\n  File \"D:\\project_8\\kasparro-agentic-fb-analyst-neelesh-gadi\\src\\agents\\data_agent.py\", line 165, in _load_and_validate_dataset\n    raise ValidationError(\nsrc.schemas.validation.ValidationError: Missing required fields in dataset", "agent_name": "data_agent", "error_type": "ValidationError"}
